Release 13.1 Xflow O.40d (nt)
Copyright (c) 1995-2011 Xilinx, Inc.  All rights reserved.
xflow.exe -wd implementation -p xc3s1600efg320-4 -implement xflow.opt
Project5.ngc  
PMSPEC -- Overriding Xilinx file
<C:/Xilinx/13.1/ISE_DS/EDK/spartan3/data/spartan3.acd> with local file
<C:/Xilinx/13.1/ISE_DS/ISE/spartan3/data/spartan3.acd>
.... Copying flowfile C:/Xilinx/13.1/ISE_DS/ISE/xilinx/data/fpga.flw into
working directory E:/SoC/Project5/implementation 

Using Flow File: E:/SoC/Project5/implementation/fpga.flw 
Using Option File(s): 
 E:/SoC/Project5/implementation/xflow.opt 

Creating Script File ... 

#----------------------------------------------#
# Starting program ngdbuild
# ngdbuild -p xc3s1600efg320-4 -nt timestamp -bm Project5.bmm
"E:/SoC/Project5/implementation/Project5.ngc" -uc Project5.ucf Project5.ngd 
#----------------------------------------------#
Release 13.1 - ngdbuild O.40d (nt)
Copyright (c) 1995-2011 Xilinx, Inc.  All rights reserved.
PMSPEC -- Overriding Xilinx file
<C:/Xilinx/13.1/ISE_DS/EDK/spartan3/data/spartan3.acd> with local file
<C:/Xilinx/13.1/ISE_DS/ISE/spartan3/data/spartan3.acd>

Command Line: C:\Xilinx\13.1\ISE_DS\ISE\bin\nt\unwrapped\ngdbuild.exe -p
xc3s1600efg320-4 -nt timestamp -bm Project5.bmm
E:/SoC/Project5/implementation/Project5.ngc -uc Project5.ucf Project5.ngd

Reading NGO file "E:/SoC/Project5/implementation/Project5.ngc" ...
Loading design module
"E:/SoC/Project5/implementation/microblaze_0_wrapper.ngc"...
Loading design module "E:/SoC/Project5/implementation/mb_plb_wrapper.ngc"...
Loading design module "E:/SoC/Project5/implementation/ilmb_wrapper.ngc"...
Loading design module "E:/SoC/Project5/implementation/dlmb_wrapper.ngc"...
Loading design module "E:/SoC/Project5/implementation/dlmb_cntlr_wrapper.ngc"...
Loading design module "E:/SoC/Project5/implementation/ilmb_cntlr_wrapper.ngc"...
Loading design module "E:/SoC/Project5/implementation/lmb_bram_wrapper.ngc"...
Loading design module
"E:/SoC/Project5/implementation/buttons_3bit_wrapper.ngc"...
Loading design module
"E:/SoC/Project5/implementation/character_lcd_2x16_wrapper.ngc"...
Loading design module "E:/SoC/Project5/implementation/ddr_sdram_wrapper.ngc"...
Loading design module
"E:/SoC/Project5/implementation/dip_switches_4bit_wrapper.ngc"...
Loading design module
"E:/SoC/Project5/implementation/ethernet_mac_wrapper.ngc"...
Loading design module "E:/SoC/Project5/implementation/flash_wrapper.ngc"...
Loading design module "E:/SoC/Project5/implementation/leds_1bit_wrapper.ngc"...
Loading design module "E:/SoC/Project5/implementation/leds_6bit_wrapper.ngc"...
Loading design module "E:/SoC/Project5/implementation/rs232_dce_wrapper.ngc"...
Loading design module "E:/SoC/Project5/implementation/rs232_dte_wrapper.ngc"...
Loading design module
"E:/SoC/Project5/implementation/rotary_encoder_wrapper.ngc"...
Loading design module
"E:/SoC/Project5/implementation/xps_timer_0_wrapper.ngc"...
Loading design module
"E:/SoC/Project5/implementation/clock_generator_0_wrapper.ngc"...
Loading design module "E:/SoC/Project5/implementation/mdm_0_wrapper.ngc"...
Loading design module
"E:/SoC/Project5/implementation/proc_sys_reset_0_wrapper.ngc"...
Loading design module
"E:/SoC/Project5/implementation/graphics_ip_0_wrapper.ngc"...
Applying constraints in
"E:/SoC/Project5/implementation/ethernet_mac_wrapper.ncf" to module
"Ethernet_MAC"...
Checking Constraint Associations...
WARNING:NgdBuild:1445 - No net associated with
   fpga_0_Ethernet_MAC_PHY_rx_clk_pin from OFFSET constraint <OFFSET = IN 6.000
   BEFORE  "fpga_0_Ethernet_MAC_PHY_rx_clk_pin";>
   [E:/SoC/Project5/implementation/ethernet_mac_wrapper.ncf(3)]
Gathering constraint information from source properties...
Done.

Annotating constraints to design from ucf file "Project5.ucf" ...
Resolving constraint associations...
Checking Constraint Associations...
INFO:ConstraintSystem:178 - TNM 'sys_clk_pin', used in period specification
   'TS_sys_clk_pin', was traced into DCM_SP instance
   clock_generator_0/DCM1_INST/Using_Virtex.DCM_INST. The following new TNM
   groups and period specifications were generated at the DCM_SP output(s): 
   CLK0: <TIMESPEC TS_clock_generator_0_clock_generator_0_SIG_DCM1_CLK0 = PERIOD
   "clock_generator_0_clock_generator_0_SIG_DCM1_CLK0" TS_sys_clk_pin HIGH 50%>

INFO:ConstraintSystem:178 - TNM 'sys_clk_pin', used in period specification
   'TS_sys_clk_pin', was traced into DCM_SP instance
   clock_generator_0/DCM1_INST/Using_Virtex.DCM_INST. The following new TNM
   groups and period specifications were generated at the DCM_SP output(s): 
   CLK2X: <TIMESPEC TS_clock_generator_0_clock_generator_0_SIG_DCM1_CLK2X =
   PERIOD "clock_generator_0_clock_generator_0_SIG_DCM1_CLK2X" TS_sys_clk_pin *
   2 HIGH 50%>

INFO:ConstraintSystem:178 - TNM
   'clock_generator_0_clock_generator_0_SIG_DCM1_CLK2X', used in period
   specification 'TS_clock_generator_0_clock_generator_0_SIG_DCM1_CLK2X', was
   traced into DCM_SP instance
   clock_generator_0/DCM0_INST/Using_Virtex.DCM_INST. The following new TNM
   groups and period specifications were generated at the DCM_SP output(s): 
   CLK0: <TIMESPEC TS_clock_generator_0_clock_generator_0_SIG_DCM0_CLK0 = PERIOD
   "clock_generator_0_clock_generator_0_SIG_DCM0_CLK0"
   TS_clock_generator_0_clock_generator_0_SIG_DCM1_CLK2X HIGH 50%>

INFO:ConstraintSystem:178 - TNM
   'clock_generator_0_clock_generator_0_SIG_DCM1_CLK2X', used in period
   specification 'TS_clock_generator_0_clock_generator_0_SIG_DCM1_CLK2X', was
   traced into DCM_SP instance
   clock_generator_0/DCM0_INST/Using_Virtex.DCM_INST. The following new TNM
   groups and period specifications were generated at the DCM_SP output(s): 
   CLK90: <TIMESPEC TS_clock_generator_0_clock_generator_0_SIG_DCM0_CLK90 =
   PERIOD "clock_generator_0_clock_generator_0_SIG_DCM0_CLK90"
   TS_clock_generator_0_clock_generator_0_SIG_DCM1_CLK2X PHASE 2.5 ns HIGH 50%>

WARNING:NgdBuild:1012 - The constraint <INST
   /Project5/EXPANDED/Project5/DDR_SDRAM/DDR_SDRAM\/mpmc_core_0\/gen_s3_ddr_phy.
   mpmc_phy_if_0\/iobs\/datapath_iobs\/gen_dqs[0].dqs_iob\/dqs_en_reg IOB =
   FORCE> is overridden on the design object
   DDR_SDRAM/DDR_SDRAM/mpmc_core_0/gen_s3_ddr_phy.mpmc_phy_if_0/iobs/datapath_io
   bs/gen_dqs[0].dqs_iob/dqs_en_reg by the constraint <INST
   "*/mpmc_core_0/gen_s3_ddr*.mpmc_phy_if_0/iobs/datapath_iobs/gen_dqs[*].dqs_io
   b*"    IOB = TRUE;> [Project5.ucf(426)].
WARNING:NgdBuild:1012 - The constraint <INST
   /Project5/EXPANDED/Project5/DDR_SDRAM/DDR_SDRAM\/mpmc_core_0\/gen_s3_ddr_phy.
   mpmc_phy_if_0\/iobs\/datapath_iobs\/gen_dqs[1].dqs_iob\/dqs_en_reg IOB =
   FORCE> is overridden on the design object
   DDR_SDRAM/DDR_SDRAM/mpmc_core_0/gen_s3_ddr_phy.mpmc_phy_if_0/iobs/datapath_io
   bs/gen_dqs[1].dqs_iob/dqs_en_reg by the constraint <INST
   "*/mpmc_core_0/gen_s3_ddr*.mpmc_phy_if_0/iobs/datapath_iobs/gen_dqs[*].dqs_io
   b*"    IOB = TRUE;> [Project5.ucf(426)].
WARNING:NgdBuild:1012 - The constraint <INST
   /Project5/EXPANDED/Project5/DDR_SDRAM/DDR_SDRAM\/mpmc_core_0\/gen_s3_ddr_phy.
   mpmc_phy_if_0\/dqs_div\/dqs_rst_iob IOB = FORCE> is overridden on the design
   object
   DDR_SDRAM/DDR_SDRAM/mpmc_core_0/gen_s3_ddr_phy.mpmc_phy_if_0/dqs_div/dqs_rst_
   iob by the constraint <INST
   "*/mpmc_core_0/gen_s3_ddr*.mpmc_phy_if_0/dqs_div/dqs_rst_iob"                
         IOB = TRUE;> [Project5.ucf(434)].
WARNING:NgdBuild:1012 - The constraint <INST
   /Project5/EXPANDED/Project5/DDR_SDRAM/DDR_SDRAM\/mpmc_core_0\/gen_s3_ddr_phy.
   mpmc_phy_if_0\/iobs\/controller_iobs\/gen_cke[0].cke_iob IOB = FORCE> is
   overridden on the design object
   DDR_SDRAM/DDR_SDRAM/mpmc_core_0/gen_s3_ddr_phy.mpmc_phy_if_0/iobs/controller_
   iobs/gen_cke[0].cke_iob by the constraint <INST
   "*/mpmc_core_0/gen_s3_ddr*.mpmc_phy_if_0/iobs/controller_iobs/gen_cke[*].cke_
   iob"   IOB = TRUE;> [Project5.ucf(430)].
WARNING:NgdBuild:1012 - The constraint <INST
   /Project5/EXPANDED/Project5/DDR_SDRAM/DDR_SDRAM\/mpmc_core_0\/gen_s3_ddr_phy.
   mpmc_phy_if_0\/iobs\/controller_iobs\/gen_ba[1].ba_iob IOB = FORCE> is
   overridden on the design object
   DDR_SDRAM/DDR_SDRAM/mpmc_core_0/gen_s3_ddr_phy.mpmc_phy_if_0/iobs/controller_
   iobs/gen_ba[1].ba_iob by the constraint <INST
   "*/mpmc_core_0/gen_s3_ddr*.mpmc_phy_if_0/iobs/controller_iobs/gen_ba[*].ba_io
   b"     IOB = TRUE;> [Project5.ucf(429)].
WARNING:NgdBuild:1012 - The constraint <INST
   /Project5/EXPANDED/Project5/DDR_SDRAM/DDR_SDRAM\/mpmc_core_0\/gen_s3_ddr_phy.
   mpmc_phy_if_0\/iobs\/controller_iobs\/gen_ba[0].ba_iob IOB = FORCE> is
   overridden on the design object
   DDR_SDRAM/DDR_SDRAM/mpmc_core_0/gen_s3_ddr_phy.mpmc_phy_if_0/iobs/controller_
   iobs/gen_ba[0].ba_iob by the constraint <INST
   "*/mpmc_core_0/gen_s3_ddr*.mpmc_phy_if_0/iobs/controller_iobs/gen_ba[*].ba_io
   b"     IOB = TRUE;> [Project5.ucf(429)].
WARNING:NgdBuild:1012 - The constraint <INST
   /Project5/EXPANDED/Project5/DDR_SDRAM/DDR_SDRAM\/mpmc_core_0\/gen_s3_ddr_phy.
   mpmc_phy_if_0\/iobs\/controller_iobs\/gen_addr[12].addr_iob IOB = FORCE> is
   overridden on the design object
   DDR_SDRAM/DDR_SDRAM/mpmc_core_0/gen_s3_ddr_phy.mpmc_phy_if_0/iobs/controller_
   iobs/gen_addr[12].addr_iob by the constraint <INST
   "*/mpmc_core_0/gen_s3_ddr*.mpmc_phy_if_0/iobs/controller_iobs/gen_addr[*].add
   r_iob" IOB = TRUE;> [Project5.ucf(428)].
WARNING:NgdBuild:1012 - The constraint <INST
   /Project5/EXPANDED/Project5/DDR_SDRAM/DDR_SDRAM\/mpmc_core_0\/gen_s3_ddr_phy.
   mpmc_phy_if_0\/iobs\/controller_iobs\/gen_addr[11].addr_iob IOB = FORCE> is
   overridden on the design object
   DDR_SDRAM/DDR_SDRAM/mpmc_core_0/gen_s3_ddr_phy.mpmc_phy_if_0/iobs/controller_
   iobs/gen_addr[11].addr_iob by the constraint <INST
   "*/mpmc_core_0/gen_s3_ddr*.mpmc_phy_if_0/iobs/controller_iobs/gen_addr[*].add
   r_iob" IOB = TRUE;> [Project5.ucf(428)].
WARNING:NgdBuild:1012 - The constraint <INST
   /Project5/EXPANDED/Project5/DDR_SDRAM/DDR_SDRAM\/mpmc_core_0\/gen_s3_ddr_phy.
   mpmc_phy_if_0\/iobs\/controller_iobs\/gen_addr[10].addr_iob IOB = FORCE> is
   overridden on the design object
   DDR_SDRAM/DDR_SDRAM/mpmc_core_0/gen_s3_ddr_phy.mpmc_phy_if_0/iobs/controller_
   iobs/gen_addr[10].addr_iob by the constraint <INST
   "*/mpmc_core_0/gen_s3_ddr*.mpmc_phy_if_0/iobs/controller_iobs/gen_addr[*].add
   r_iob" IOB = TRUE;> [Project5.ucf(428)].
WARNING:NgdBuild:1012 - The constraint <INST
   /Project5/EXPANDED/Project5/DDR_SDRAM/DDR_SDRAM\/mpmc_core_0\/gen_s3_ddr_phy.
   mpmc_phy_if_0\/iobs\/controller_iobs\/gen_addr[9].addr_iob IOB = FORCE> is
   overridden on the design object
   DDR_SDRAM/DDR_SDRAM/mpmc_core_0/gen_s3_ddr_phy.mpmc_phy_if_0/iobs/controller_
   iobs/gen_addr[9].addr_iob by the constraint <INST
   "*/mpmc_core_0/gen_s3_ddr*.mpmc_phy_if_0/iobs/controller_iobs/gen_addr[*].add
   r_iob" IOB = TRUE;> [Project5.ucf(428)].
WARNING:NgdBuild:1012 - The constraint <INST
   /Project5/EXPANDED/Project5/DDR_SDRAM/DDR_SDRAM\/mpmc_core_0\/gen_s3_ddr_phy.
   mpmc_phy_if_0\/iobs\/controller_iobs\/gen_addr[8].addr_iob IOB = FORCE> is
   overridden on the design object
   DDR_SDRAM/DDR_SDRAM/mpmc_core_0/gen_s3_ddr_phy.mpmc_phy_if_0/iobs/controller_
   iobs/gen_addr[8].addr_iob by the constraint <INST
   "*/mpmc_core_0/gen_s3_ddr*.mpmc_phy_if_0/iobs/controller_iobs/gen_addr[*].add
   r_iob" IOB = TRUE;> [Project5.ucf(428)].
WARNING:NgdBuild:1012 - The constraint <INST
   /Project5/EXPANDED/Project5/DDR_SDRAM/DDR_SDRAM\/mpmc_core_0\/gen_s3_ddr_phy.
   mpmc_phy_if_0\/iobs\/controller_iobs\/gen_addr[7].addr_iob IOB = FORCE> is
   overridden on the design object
   DDR_SDRAM/DDR_SDRAM/mpmc_core_0/gen_s3_ddr_phy.mpmc_phy_if_0/iobs/controller_
   iobs/gen_addr[7].addr_iob by the constraint <INST
   "*/mpmc_core_0/gen_s3_ddr*.mpmc_phy_if_0/iobs/controller_iobs/gen_addr[*].add
   r_iob" IOB = TRUE;> [Project5.ucf(428)].
WARNING:NgdBuild:1012 - The constraint <INST
   /Project5/EXPANDED/Project5/DDR_SDRAM/DDR_SDRAM\/mpmc_core_0\/gen_s3_ddr_phy.
   mpmc_phy_if_0\/iobs\/controller_iobs\/gen_addr[6].addr_iob IOB = FORCE> is
   overridden on the design object
   DDR_SDRAM/DDR_SDRAM/mpmc_core_0/gen_s3_ddr_phy.mpmc_phy_if_0/iobs/controller_
   iobs/gen_addr[6].addr_iob by the constraint <INST
   "*/mpmc_core_0/gen_s3_ddr*.mpmc_phy_if_0/iobs/controller_iobs/gen_addr[*].add
   r_iob" IOB = TRUE;> [Project5.ucf(428)].
WARNING:NgdBuild:1012 - The constraint <INST
   /Project5/EXPANDED/Project5/DDR_SDRAM/DDR_SDRAM\/mpmc_core_0\/gen_s3_ddr_phy.
   mpmc_phy_if_0\/iobs\/controller_iobs\/gen_addr[5].addr_iob IOB = FORCE> is
   overridden on the design object
   DDR_SDRAM/DDR_SDRAM/mpmc_core_0/gen_s3_ddr_phy.mpmc_phy_if_0/iobs/controller_
   iobs/gen_addr[5].addr_iob by the constraint <INST
   "*/mpmc_core_0/gen_s3_ddr*.mpmc_phy_if_0/iobs/controller_iobs/gen_addr[*].add
   r_iob" IOB = TRUE;> [Project5.ucf(428)].
WARNING:NgdBuild:1012 - The constraint <INST
   /Project5/EXPANDED/Project5/DDR_SDRAM/DDR_SDRAM\/mpmc_core_0\/gen_s3_ddr_phy.
   mpmc_phy_if_0\/iobs\/controller_iobs\/gen_addr[4].addr_iob IOB = FORCE> is
   overridden on the design object
   DDR_SDRAM/DDR_SDRAM/mpmc_core_0/gen_s3_ddr_phy.mpmc_phy_if_0/iobs/controller_
   iobs/gen_addr[4].addr_iob by the constraint <INST
   "*/mpmc_core_0/gen_s3_ddr*.mpmc_phy_if_0/iobs/controller_iobs/gen_addr[*].add
   r_iob" IOB = TRUE;> [Project5.ucf(428)].
WARNING:NgdBuild:1012 - The constraint <INST
   /Project5/EXPANDED/Project5/DDR_SDRAM/DDR_SDRAM\/mpmc_core_0\/gen_s3_ddr_phy.
   mpmc_phy_if_0\/iobs\/controller_iobs\/gen_addr[3].addr_iob IOB = FORCE> is
   overridden on the design object
   DDR_SDRAM/DDR_SDRAM/mpmc_core_0/gen_s3_ddr_phy.mpmc_phy_if_0/iobs/controller_
   iobs/gen_addr[3].addr_iob by the constraint <INST
   "*/mpmc_core_0/gen_s3_ddr*.mpmc_phy_if_0/iobs/controller_iobs/gen_addr[*].add
   r_iob" IOB = TRUE;> [Project5.ucf(428)].
WARNING:NgdBuild:1012 - The constraint <INST
   /Project5/EXPANDED/Project5/DDR_SDRAM/DDR_SDRAM\/mpmc_core_0\/gen_s3_ddr_phy.
   mpmc_phy_if_0\/iobs\/controller_iobs\/gen_addr[2].addr_iob IOB = FORCE> is
   overridden on the design object
   DDR_SDRAM/DDR_SDRAM/mpmc_core_0/gen_s3_ddr_phy.mpmc_phy_if_0/iobs/controller_
   iobs/gen_addr[2].addr_iob by the constraint <INST
   "*/mpmc_core_0/gen_s3_ddr*.mpmc_phy_if_0/iobs/controller_iobs/gen_addr[*].add
   r_iob" IOB = TRUE;> [Project5.ucf(428)].
WARNING:NgdBuild:1012 - The constraint <INST
   /Project5/EXPANDED/Project5/DDR_SDRAM/DDR_SDRAM\/mpmc_core_0\/gen_s3_ddr_phy.
   mpmc_phy_if_0\/iobs\/controller_iobs\/gen_addr[1].addr_iob IOB = FORCE> is
   overridden on the design object
   DDR_SDRAM/DDR_SDRAM/mpmc_core_0/gen_s3_ddr_phy.mpmc_phy_if_0/iobs/controller_
   iobs/gen_addr[1].addr_iob by the constraint <INST
   "*/mpmc_core_0/gen_s3_ddr*.mpmc_phy_if_0/iobs/controller_iobs/gen_addr[*].add
   r_iob" IOB = TRUE;> [Project5.ucf(428)].
WARNING:NgdBuild:1012 - The constraint <INST
   /Project5/EXPANDED/Project5/DDR_SDRAM/DDR_SDRAM\/mpmc_core_0\/gen_s3_ddr_phy.
   mpmc_phy_if_0\/iobs\/controller_iobs\/gen_addr[0].addr_iob IOB = FORCE> is
   overridden on the design object
   DDR_SDRAM/DDR_SDRAM/mpmc_core_0/gen_s3_ddr_phy.mpmc_phy_if_0/iobs/controller_
   iobs/gen_addr[0].addr_iob by the constraint <INST
   "*/mpmc_core_0/gen_s3_ddr*.mpmc_phy_if_0/iobs/controller_iobs/gen_addr[*].add
   r_iob" IOB = TRUE;> [Project5.ucf(428)].
WARNING:NgdBuild:1012 - The constraint <INST
   /Project5/EXPANDED/Project5/DDR_SDRAM/DDR_SDRAM\/mpmc_core_0\/gen_s3_ddr_phy.
   mpmc_phy_if_0\/iobs\/controller_iobs\/cas_iob IOB = FORCE> is overridden on
   the design object
   DDR_SDRAM/DDR_SDRAM/mpmc_core_0/gen_s3_ddr_phy.mpmc_phy_if_0/iobs/controller_
   iobs/cas_iob by the constraint <INST
   "*/mpmc_core_0/gen_s3_ddr*.mpmc_phy_if_0/iobs/controller_iobs/cas_iob"       
         IOB = TRUE;> [Project5.ucf(432)].
WARNING:NgdBuild:1012 - The constraint <INST
   /Project5/EXPANDED/Project5/DDR_SDRAM/DDR_SDRAM\/mpmc_core_0\/gen_s3_ddr_phy.
   mpmc_phy_if_0\/iobs\/controller_iobs\/ras_iob IOB = FORCE> is overridden on
   the design object
   DDR_SDRAM/DDR_SDRAM/mpmc_core_0/gen_s3_ddr_phy.mpmc_phy_if_0/iobs/controller_
   iobs/ras_iob by the constraint <INST
   "*/mpmc_core_0/gen_s3_ddr*.mpmc_phy_if_0/iobs/controller_iobs/ras_iob"       
         IOB = TRUE;> [Project5.ucf(431)].
WARNING:NgdBuild:1012 - The constraint <INST
   /Project5/EXPANDED/Project5/DDR_SDRAM/DDR_SDRAM\/mpmc_core_0\/gen_s3_ddr_phy.
   mpmc_phy_if_0\/iobs\/controller_iobs\/we_iob IOB = FORCE> is overridden on
   the design object
   DDR_SDRAM/DDR_SDRAM/mpmc_core_0/gen_s3_ddr_phy.mpmc_phy_if_0/iobs/controller_
   iobs/we_iob by the constraint <INST
   "*/mpmc_core_0/gen_s3_ddr*.mpmc_phy_if_0/iobs/controller_iobs/we_iob"        
         IOB = TRUE;> [Project5.ucf(433)].
WARNING:NgdBuild:1012 - The constraint <INST
   /Project5/EXPANDED/Project5/DDR_SDRAM/DDR_SDRAM\/mpmc_core_0\/gen_s3_ddr_phy.
   mpmc_phy_if_0\/iobs\/datapath_iobs\/gen_dq[0].dq_iob\/DQ_T IOB = FORCE> is
   overridden on the design object
   DDR_SDRAM/DDR_SDRAM/mpmc_core_0/gen_s3_ddr_phy.mpmc_phy_if_0/iobs/datapath_io
   bs/gen_dq[0].dq_iob/DQ_T by the constraint <INST
   "*/mpmc_core_0/gen_s3_ddr*.mpmc_phy_if_0/iobs/datapath_iobs/gen_dq[*].dq_iob*
   "      IOB = TRUE;> [Project5.ucf(427)].
WARNING:NgdBuild:1012 - The constraint <INST
   /Project5/EXPANDED/Project5/DDR_SDRAM/DDR_SDRAM\/mpmc_core_0\/gen_s3_ddr_phy.
   mpmc_phy_if_0\/iobs\/datapath_iobs\/gen_dq[1].dq_iob\/DQ_T IOB = FORCE> is
   overridden on the design object
   DDR_SDRAM/DDR_SDRAM/mpmc_core_0/gen_s3_ddr_phy.mpmc_phy_if_0/iobs/datapath_io
   bs/gen_dq[1].dq_iob/DQ_T by the constraint <INST
   "*/mpmc_core_0/gen_s3_ddr*.mpmc_phy_if_0/iobs/datapath_iobs/gen_dq[*].dq_iob*
   "      IOB = TRUE;> [Project5.ucf(427)].
WARNING:NgdBuild:1012 - The constraint <INST
   /Project5/EXPANDED/Project5/DDR_SDRAM/DDR_SDRAM\/mpmc_core_0\/gen_s3_ddr_phy.
   mpmc_phy_if_0\/iobs\/datapath_iobs\/gen_dq[2].dq_iob\/DQ_T IOB = FORCE> is
   overridden on the design object
   DDR_SDRAM/DDR_SDRAM/mpmc_core_0/gen_s3_ddr_phy.mpmc_phy_if_0/iobs/datapath_io
   bs/gen_dq[2].dq_iob/DQ_T by the constraint <INST
   "*/mpmc_core_0/gen_s3_ddr*.mpmc_phy_if_0/iobs/datapath_iobs/gen_dq[*].dq_iob*
   "      IOB = TRUE;> [Project5.ucf(427)].
WARNING:NgdBuild:1012 - The constraint <INST
   /Project5/EXPANDED/Project5/DDR_SDRAM/DDR_SDRAM\/mpmc_core_0\/gen_s3_ddr_phy.
   mpmc_phy_if_0\/iobs\/datapath_iobs\/gen_dq[3].dq_iob\/DQ_T IOB = FORCE> is
   overridden on the design object
   DDR_SDRAM/DDR_SDRAM/mpmc_core_0/gen_s3_ddr_phy.mpmc_phy_if_0/iobs/datapath_io
   bs/gen_dq[3].dq_iob/DQ_T by the constraint <INST
   "*/mpmc_core_0/gen_s3_ddr*.mpmc_phy_if_0/iobs/datapath_iobs/gen_dq[*].dq_iob*
   "      IOB = TRUE;> [Project5.ucf(427)].
WARNING:NgdBuild:1012 - The constraint <INST
   /Project5/EXPANDED/Project5/DDR_SDRAM/DDR_SDRAM\/mpmc_core_0\/gen_s3_ddr_phy.
   mpmc_phy_if_0\/iobs\/datapath_iobs\/gen_dq[4].dq_iob\/DQ_T IOB = FORCE> is
   overridden on the design object
   DDR_SDRAM/DDR_SDRAM/mpmc_core_0/gen_s3_ddr_phy.mpmc_phy_if_0/iobs/datapath_io
   bs/gen_dq[4].dq_iob/DQ_T by the constraint <INST
   "*/mpmc_core_0/gen_s3_ddr*.mpmc_phy_if_0/iobs/datapath_iobs/gen_dq[*].dq_iob*
   "      IOB = TRUE;> [Project5.ucf(427)].
WARNING:NgdBuild:1012 - The constraint <INST
   /Project5/EXPANDED/Project5/DDR_SDRAM/DDR_SDRAM\/mpmc_core_0\/gen_s3_ddr_phy.
   mpmc_phy_if_0\/iobs\/datapath_iobs\/gen_dq[5].dq_iob\/DQ_T IOB = FORCE> is
   overridden on the design object
   DDR_SDRAM/DDR_SDRAM/mpmc_core_0/gen_s3_ddr_phy.mpmc_phy_if_0/iobs/datapath_io
   bs/gen_dq[5].dq_iob/DQ_T by the constraint <INST
   "*/mpmc_core_0/gen_s3_ddr*.mpmc_phy_if_0/iobs/datapath_iobs/gen_dq[*].dq_iob*
   "      IOB = TRUE;> [Project5.ucf(427)].
WARNING:NgdBuild:1012 - The constraint <INST
   /Project5/EXPANDED/Project5/DDR_SDRAM/DDR_SDRAM\/mpmc_core_0\/gen_s3_ddr_phy.
   mpmc_phy_if_0\/iobs\/datapath_iobs\/gen_dq[6].dq_iob\/DQ_T IOB = FORCE> is
   overridden on the design object
   DDR_SDRAM/DDR_SDRAM/mpmc_core_0/gen_s3_ddr_phy.mpmc_phy_if_0/iobs/datapath_io
   bs/gen_dq[6].dq_iob/DQ_T by the constraint <INST
   "*/mpmc_core_0/gen_s3_ddr*.mpmc_phy_if_0/iobs/datapath_iobs/gen_dq[*].dq_iob*
   "      IOB = TRUE;> [Project5.ucf(427)].
WARNING:NgdBuild:1012 - The constraint <INST
   /Project5/EXPANDED/Project5/DDR_SDRAM/DDR_SDRAM\/mpmc_core_0\/gen_s3_ddr_phy.
   mpmc_phy_if_0\/iobs\/datapath_iobs\/gen_dq[7].dq_iob\/DQ_T IOB = FORCE> is
   overridden on the design object
   DDR_SDRAM/DDR_SDRAM/mpmc_core_0/gen_s3_ddr_phy.mpmc_phy_if_0/iobs/datapath_io
   bs/gen_dq[7].dq_iob/DQ_T by the constraint <INST
   "*/mpmc_core_0/gen_s3_ddr*.mpmc_phy_if_0/iobs/datapath_iobs/gen_dq[*].dq_iob*
   "      IOB = TRUE;> [Project5.ucf(427)].
WARNING:NgdBuild:1012 - The constraint <INST
   /Project5/EXPANDED/Project5/DDR_SDRAM/DDR_SDRAM\/mpmc_core_0\/gen_s3_ddr_phy.
   mpmc_phy_if_0\/iobs\/datapath_iobs\/gen_dq[8].dq_iob\/DQ_T IOB = FORCE> is
   overridden on the design object
   DDR_SDRAM/DDR_SDRAM/mpmc_core_0/gen_s3_ddr_phy.mpmc_phy_if_0/iobs/datapath_io
   bs/gen_dq[8].dq_iob/DQ_T by the constraint <INST
   "*/mpmc_core_0/gen_s3_ddr*.mpmc_phy_if_0/iobs/datapath_iobs/gen_dq[*].dq_iob*
   "      IOB = TRUE;> [Project5.ucf(427)].
WARNING:NgdBuild:1012 - The constraint <INST
   /Project5/EXPANDED/Project5/DDR_SDRAM/DDR_SDRAM\/mpmc_core_0\/gen_s3_ddr_phy.
   mpmc_phy_if_0\/iobs\/datapath_iobs\/gen_dq[9].dq_iob\/DQ_T IOB = FORCE> is
   overridden on the design object
   DDR_SDRAM/DDR_SDRAM/mpmc_core_0/gen_s3_ddr_phy.mpmc_phy_if_0/iobs/datapath_io
   bs/gen_dq[9].dq_iob/DQ_T by the constraint <INST
   "*/mpmc_core_0/gen_s3_ddr*.mpmc_phy_if_0/iobs/datapath_iobs/gen_dq[*].dq_iob*
   "      IOB = TRUE;> [Project5.ucf(427)].
WARNING:NgdBuild:1012 - The constraint <INST
   /Project5/EXPANDED/Project5/DDR_SDRAM/DDR_SDRAM\/mpmc_core_0\/gen_s3_ddr_phy.
   mpmc_phy_if_0\/iobs\/datapath_iobs\/gen_dq[10].dq_iob\/DQ_T IOB = FORCE> is
   overridden on the design object
   DDR_SDRAM/DDR_SDRAM/mpmc_core_0/gen_s3_ddr_phy.mpmc_phy_if_0/iobs/datapath_io
   bs/gen_dq[10].dq_iob/DQ_T by the constraint <INST
   "*/mpmc_core_0/gen_s3_ddr*.mpmc_phy_if_0/iobs/datapath_iobs/gen_dq[*].dq_iob*
   "      IOB = TRUE;> [Project5.ucf(427)].
WARNING:NgdBuild:1012 - The constraint <INST
   /Project5/EXPANDED/Project5/DDR_SDRAM/DDR_SDRAM\/mpmc_core_0\/gen_s3_ddr_phy.
   mpmc_phy_if_0\/iobs\/datapath_iobs\/gen_dq[11].dq_iob\/DQ_T IOB = FORCE> is
   overridden on the design object
   DDR_SDRAM/DDR_SDRAM/mpmc_core_0/gen_s3_ddr_phy.mpmc_phy_if_0/iobs/datapath_io
   bs/gen_dq[11].dq_iob/DQ_T by the constraint <INST
   "*/mpmc_core_0/gen_s3_ddr*.mpmc_phy_if_0/iobs/datapath_iobs/gen_dq[*].dq_iob*
   "      IOB = TRUE;> [Project5.ucf(427)].
WARNING:NgdBuild:1012 - The constraint <INST
   /Project5/EXPANDED/Project5/DDR_SDRAM/DDR_SDRAM\/mpmc_core_0\/gen_s3_ddr_phy.
   mpmc_phy_if_0\/iobs\/datapath_iobs\/gen_dq[12].dq_iob\/DQ_T IOB = FORCE> is
   overridden on the design object
   DDR_SDRAM/DDR_SDRAM/mpmc_core_0/gen_s3_ddr_phy.mpmc_phy_if_0/iobs/datapath_io
   bs/gen_dq[12].dq_iob/DQ_T by the constraint <INST
   "*/mpmc_core_0/gen_s3_ddr*.mpmc_phy_if_0/iobs/datapath_iobs/gen_dq[*].dq_iob*
   "      IOB = TRUE;> [Project5.ucf(427)].
WARNING:NgdBuild:1012 - The constraint <INST
   /Project5/EXPANDED/Project5/DDR_SDRAM/DDR_SDRAM\/mpmc_core_0\/gen_s3_ddr_phy.
   mpmc_phy_if_0\/iobs\/datapath_iobs\/gen_dq[13].dq_iob\/DQ_T IOB = FORCE> is
   overridden on the design object
   DDR_SDRAM/DDR_SDRAM/mpmc_core_0/gen_s3_ddr_phy.mpmc_phy_if_0/iobs/datapath_io
   bs/gen_dq[13].dq_iob/DQ_T by the constraint <INST
   "*/mpmc_core_0/gen_s3_ddr*.mpmc_phy_if_0/iobs/datapath_iobs/gen_dq[*].dq_iob*
   "      IOB = TRUE;> [Project5.ucf(427)].
WARNING:NgdBuild:1012 - The constraint <INST
   /Project5/EXPANDED/Project5/DDR_SDRAM/DDR_SDRAM\/mpmc_core_0\/gen_s3_ddr_phy.
   mpmc_phy_if_0\/iobs\/datapath_iobs\/gen_dq[14].dq_iob\/DQ_T IOB = FORCE> is
   overridden on the design object
   DDR_SDRAM/DDR_SDRAM/mpmc_core_0/gen_s3_ddr_phy.mpmc_phy_if_0/iobs/datapath_io
   bs/gen_dq[14].dq_iob/DQ_T by the constraint <INST
   "*/mpmc_core_0/gen_s3_ddr*.mpmc_phy_if_0/iobs/datapath_iobs/gen_dq[*].dq_iob*
   "      IOB = TRUE;> [Project5.ucf(427)].
WARNING:NgdBuild:1012 - The constraint <INST
   /Project5/EXPANDED/Project5/DDR_SDRAM/DDR_SDRAM\/mpmc_core_0\/gen_s3_ddr_phy.
   mpmc_phy_if_0\/iobs\/datapath_iobs\/gen_dq[15].dq_iob\/DQ_T IOB = FORCE> is
   overridden on the design object
   DDR_SDRAM/DDR_SDRAM/mpmc_core_0/gen_s3_ddr_phy.mpmc_phy_if_0/iobs/datapath_io
   bs/gen_dq[15].dq_iob/DQ_T by the constraint <INST
   "*/mpmc_core_0/gen_s3_ddr*.mpmc_phy_if_0/iobs/datapath_iobs/gen_dq[*].dq_iob*
   "      IOB = TRUE;> [Project5.ucf(427)].
Done...

Processing BMM file "Project5.bmm" ...

INFO:NgdBuild:1222 - Setting CLKIN_PERIOD attribute associated with DCM instance
   clock_generator_0/DCM0_INST/Using_Virtex.DCM_INST to 10.000000 ns based on
   the period specification (<TIMESPEC
   TS_clock_generator_0_clock_generator_0_SIG_DCM1_CLK2X = PERIOD
   "clock_generator_0_clock_generator_0_SIG_DCM1_CLK2X" TS_sys_clk_pin * 2 HIGH
   50%>).
Checking expanded design ...
WARNING:NgdBuild:443 - SFF primitive
   'DDR_SDRAM/DDR_SDRAM/mpmc_core_0/gen_s3_ddr_phy.mpmc_phy_if_0/infrastructure/
   cal_top/tap_dly/gen_tap2[30].u' has unconnected output pin
WARNING:NgdBuild:443 - SFF primitive
   'DDR_SDRAM/DDR_SDRAM/mpmc_core_0/gen_s3_ddr_phy.mpmc_phy_if_0/infrastructure/
   cal_top/tap_dly/gen_tap2[29].u' has unconnected output pin
WARNING:NgdBuild:443 - SFF primitive
   'DDR_SDRAM/DDR_SDRAM/mpmc_core_0/gen_s3_ddr_phy.mpmc_phy_if_0/infrastructure/
   cal_top/tap_dly/gen_tap2[28].u' has unconnected output pin
WARNING:NgdBuild:443 - SFF primitive
   'DDR_SDRAM/DDR_SDRAM/mpmc_core_0/gen_s3_ddr_phy.mpmc_phy_if_0/infrastructure/
   cal_top/tap_dly/gen_tap2[27].u' has unconnected output pin
WARNING:NgdBuild:443 - SFF primitive
   'DDR_SDRAM/DDR_SDRAM/mpmc_core_0/gen_s3_ddr_phy.mpmc_phy_if_0/infrastructure/
   cal_top/tap_dly/gen_tap2[26].u' has unconnected output pin
WARNING:NgdBuild:443 - SFF primitive
   'DDR_SDRAM/DDR_SDRAM/mpmc_core_0/gen_s3_ddr_phy.mpmc_phy_if_0/infrastructure/
   cal_top/tap_dly/gen_tap2[25].u' has unconnected output pin
WARNING:NgdBuild:443 - SFF primitive
   'DDR_SDRAM/DDR_SDRAM/mpmc_core_0/gen_s3_ddr_phy.mpmc_phy_if_0/infrastructure/
   cal_top/tap_dly/gen_tap2[24].u' has unconnected output pin
WARNING:NgdBuild:443 - SFF primitive
   'DDR_SDRAM/DDR_SDRAM/mpmc_core_0/gen_s3_ddr_phy.mpmc_phy_if_0/infrastructure/
   cal_top/tap_dly/gen_tap2[23].u' has unconnected output pin
WARNING:NgdBuild:443 - SFF primitive
   'DDR_SDRAM/DDR_SDRAM/mpmc_core_0/gen_s3_ddr_phy.mpmc_phy_if_0/infrastructure/
   cal_top/tap_dly/gen_tap2[22].u' has unconnected output pin
WARNING:NgdBuild:443 - SFF primitive
   'DDR_SDRAM/DDR_SDRAM/mpmc_core_0/gen_s3_ddr_phy.mpmc_phy_if_0/infrastructure/
   cal_top/tap_dly/gen_tap2[21].u' has unconnected output pin
WARNING:NgdBuild:443 - SFF primitive
   'DDR_SDRAM/DDR_SDRAM/mpmc_core_0/gen_s3_ddr_phy.mpmc_phy_if_0/infrastructure/
   cal_top/tap_dly/gen_tap2[20].u' has unconnected output pin
WARNING:NgdBuild:443 - SFF primitive
   'DDR_SDRAM/DDR_SDRAM/mpmc_core_0/gen_s3_ddr_phy.mpmc_phy_if_0/infrastructure/
   cal_top/tap_dly/gen_tap2[19].u' has unconnected output pin
WARNING:NgdBuild:443 - SFF primitive
   'DDR_SDRAM/DDR_SDRAM/mpmc_core_0/gen_s3_ddr_phy.mpmc_phy_if_0/infrastructure/
   cal_top/tap_dly/gen_tap2[18].u' has unconnected output pin
WARNING:NgdBuild:443 - SFF primitive
   'DDR_SDRAM/DDR_SDRAM/mpmc_core_0/gen_s3_ddr_phy.mpmc_phy_if_0/infrastructure/
   cal_top/tap_dly/gen_tap2[17].u' has unconnected output pin
WARNING:NgdBuild:443 - SFF primitive
   'DDR_SDRAM/DDR_SDRAM/mpmc_core_0/gen_s3_ddr_phy.mpmc_phy_if_0/infrastructure/
   cal_top/tap_dly/gen_tap2[16].u' has unconnected output pin
WARNING:NgdBuild:443 - SFF primitive
   'DDR_SDRAM/DDR_SDRAM/mpmc_core_0/gen_s3_ddr_phy.mpmc_phy_if_0/infrastructure/
   cal_top/tap_dly/gen_tap2[15].u' has unconnected output pin
WARNING:NgdBuild:443 - SFF primitive
   'DDR_SDRAM/DDR_SDRAM/mpmc_core_0/gen_s3_ddr_phy.mpmc_phy_if_0/infrastructure/
   cal_top/tap_dly/gen_tap2[14].u' has unconnected output pin
WARNING:NgdBuild:443 - SFF primitive
   'DDR_SDRAM/DDR_SDRAM/mpmc_core_0/gen_s3_ddr_phy.mpmc_phy_if_0/infrastructure/
   cal_top/tap_dly/gen_tap2[13].u' has unconnected output pin
WARNING:NgdBuild:443 - SFF primitive
   'DDR_SDRAM/DDR_SDRAM/mpmc_core_0/gen_s3_ddr_phy.mpmc_phy_if_0/infrastructure/
   cal_top/tap_dly/gen_tap2[12].u' has unconnected output pin
WARNING:NgdBuild:443 - SFF primitive
   'DDR_SDRAM/DDR_SDRAM/mpmc_core_0/gen_s3_ddr_phy.mpmc_phy_if_0/infrastructure/
   cal_top/tap_dly/gen_tap2[11].u' has unconnected output pin
WARNING:NgdBuild:443 - SFF primitive
   'DDR_SDRAM/DDR_SDRAM/mpmc_core_0/gen_s3_ddr_phy.mpmc_phy_if_0/infrastructure/
   cal_top/tap_dly/gen_tap2[10].u' has unconnected output pin
WARNING:NgdBuild:443 - SFF primitive
   'DDR_SDRAM/DDR_SDRAM/mpmc_core_0/gen_s3_ddr_phy.mpmc_phy_if_0/infrastructure/
   cal_top/tap_dly/gen_tap2[9].u' has unconnected output pin
WARNING:NgdBuild:443 - SFF primitive
   'DDR_SDRAM/DDR_SDRAM/mpmc_core_0/gen_s3_ddr_phy.mpmc_phy_if_0/infrastructure/
   cal_top/tap_dly/gen_tap2[8].u' has unconnected output pin
WARNING:NgdBuild:443 - SFF primitive
   'DDR_SDRAM/DDR_SDRAM/mpmc_core_0/gen_s3_ddr_phy.mpmc_phy_if_0/infrastructure/
   cal_top/tap_dly/gen_tap2[7].u' has unconnected output pin
WARNING:NgdBuild:443 - SFF primitive
   'DDR_SDRAM/DDR_SDRAM/mpmc_core_0/gen_s3_ddr_phy.mpmc_phy_if_0/infrastructure/
   cal_top/tap_dly/gen_tap2[6].u' has unconnected output pin
WARNING:NgdBuild:443 - SFF primitive
   'DDR_SDRAM/DDR_SDRAM/mpmc_core_0/gen_s3_ddr_phy.mpmc_phy_if_0/infrastructure/
   cal_top/tap_dly/gen_tap2[5].u' has unconnected output pin
WARNING:NgdBuild:443 - SFF primitive
   'DDR_SDRAM/DDR_SDRAM/mpmc_core_0/gen_s3_ddr_phy.mpmc_phy_if_0/infrastructure/
   cal_top/tap_dly/gen_tap2[4].u' has unconnected output pin
WARNING:NgdBuild:443 - SFF primitive
   'DDR_SDRAM/DDR_SDRAM/mpmc_core_0/gen_s3_ddr_phy.mpmc_phy_if_0/infrastructure/
   cal_top/tap_dly/gen_tap2[3].u' has unconnected output pin
WARNING:NgdBuild:443 - SFF primitive
   'DDR_SDRAM/DDR_SDRAM/mpmc_core_0/gen_s3_ddr_phy.mpmc_phy_if_0/infrastructure/
   cal_top/tap_dly/gen_tap2[2].u' has unconnected output pin
WARNING:NgdBuild:443 - SFF primitive
   'DDR_SDRAM/DDR_SDRAM/mpmc_core_0/gen_s3_ddr_phy.mpmc_phy_if_0/infrastructure/
   cal_top/tap_dly/gen_tap2[1].u' has unconnected output pin
WARNING:NgdBuild:443 - SFF primitive
   'DDR_SDRAM/DDR_SDRAM/mpmc_core_0/gen_s3_ddr_phy.mpmc_phy_if_0/infrastructure/
   cal_top/tap_dly/gen_tap2[0].u' has unconnected output pin
WARNING:NgdBuild:443 - SFF primitive
   'DDR_SDRAM/DDR_SDRAM/mpmc_core_0/gen_s3_ddr_phy.mpmc_phy_if_0/infrastructure/
   cal_top/tap_dly/u31' has unconnected output pin
WARNING:NgdBuild:443 - SFF primitive
   'Ethernet_MAC/Ethernet_MAC/XEMAC_I/EMAC_I/COLLISION_SYNC' has unconnected
   output pin
WARNING:NgdBuild:443 - SFF primitive
   'Ethernet_MAC/Ethernet_MAC/XEMAC_I/XPS_IPIF_I/PLBV46_BURST_I/I_SLAVE_ATTACHME
   NT/I_DECODER/MEM_DECODE_GEN[0].GEN_PLB_SHARED.I_BKEND_CS_REG' has unconnected
   output pin
WARNING:NgdBuild:443 - SFF primitive
   'Ethernet_MAC/Ethernet_MAC/XEMAC_I/XPS_IPIF_I/PLBV46_BURST_I/I_SLAVE_ATTACHME
   NT/I_BURST_SUPPORT/RESPONSE_DBEAT_CNTR_I/STRUCTURAL_A_GEN.I_ADDSUB_GEN[6].FDR
   E_I' has unconnected output pin
WARNING:NgdBuild:443 - SFF primitive
   'Ethernet_MAC/Ethernet_MAC/XEMAC_I/XPS_IPIF_I/PLBV46_BURST_I/I_SLAVE_ATTACHME
   NT/I_BURST_SUPPORT/CONTROL_DBEAT_CNTR_I/STRUCTURAL_A_GEN.I_ADDSUB_GEN[6].FDRE
   _I' has unconnected output pin
WARNING:NgdBuild:443 - SFF primitive
   'Ethernet_MAC/Ethernet_MAC/XEMAC_I/XPS_IPIF_I/PLBV46_BURST_I/I_SLAVE_ATTACHME
   NT/I_BUS_ADDRESS_COUNTER/I_FLEX_ADDR_CNTR/LDMUX_FDRSE_0to3[0].I_FDRSE_BE0to3'
   has unconnected output pin
WARNING:NgdBuild:443 - SFF primitive
   'Ethernet_MAC/Ethernet_MAC/XEMAC_I/XPS_IPIF_I/PLBV46_BURST_I/I_SLAVE_ATTACHME
   NT/I_BUS_ADDRESS_COUNTER/I_FLEX_ADDR_CNTR/LDMUX_FDRSE_0to3[1].I_FDRSE_BE0to3'
   has unconnected output pin
WARNING:NgdBuild:443 - SFF primitive
   'Ethernet_MAC/Ethernet_MAC/XEMAC_I/XPS_IPIF_I/PLBV46_BURST_I/I_SLAVE_ATTACHME
   NT/I_BUS_ADDRESS_COUNTER/I_FLEX_ADDR_CNTR/LDMUX_FDRSE_0to3[2].I_FDRSE_BE0to3'
   has unconnected output pin
WARNING:NgdBuild:443 - SFF primitive
   'Ethernet_MAC/Ethernet_MAC/XEMAC_I/XPS_IPIF_I/PLBV46_BURST_I/I_SLAVE_ATTACHME
   NT/I_BUS_ADDRESS_COUNTER/I_FLEX_ADDR_CNTR/LDMUX_FDRSE_0to3[3].I_FDRSE_BE0to3'
   has unconnected output pin
WARNING:NgdBuild:443 - SFF primitive
   'Ethernet_MAC/Ethernet_MAC/XEMAC_I/XPS_IPIF_I/PLBV46_BURST_I/I_SLAVE_ATTACHME
   NT/I_BUS_ADDRESS_COUNTER/GEN_FOR_SHARED.GEN_S_H_SIZE_REG[0].I_SIZE_S_H_REG'
   has unconnected output pin
WARNING:NgdBuild:443 - SFF primitive
   'Ethernet_MAC/Ethernet_MAC/XEMAC_I/XPS_IPIF_I/PLBV46_BURST_I/I_SLAVE_ATTACHME
   NT/I_STEER_ADDRESS_COUNTER/GEN_FOR_SHARED.GEN_S_H_SIZE_REG[0].I_SIZE_S_H_REG'
   has unconnected output pin
WARNING:NgdBuild:443 - SFF primitive
   'FLASH/FLASH/EMC_CTRL_I/MEM_STATE_MACHINE_I/READ_COMPLETE_PIPE_GEN[6].READ_CO
   MPLETE_PIPE' has unconnected output pin
WARNING:NgdBuild:443 - SFF primitive
   'FLASH/FLASH/EMC_CTRL_I/MEM_STEER_I/RDDATA_PATH_MUX_GEN.ASYNC_ADDR_CNT_GEN.RD
   DATA_EN_GEN_ASYNC[3].RDDATA_EN_REG_ASYNC' has unconnected output pin
WARNING:NgdBuild:443 - SFF primitive
   'FLASH/FLASH/EMC_CTRL_I/MEM_STEER_I/ASYNC_MEM_RDACK_GEN.AALIGN_PIPE_GEN[1].AA
   LIGN_PIPE' has unconnected output pin
WARNING:NgdBuild:443 - SFF primitive
   'FLASH/FLASH/EMC_CTRL_I/ADDR_COUNTER_MUX_I/ADDRESS_STORE_GEN[31].ADDRESS_REG'
   has unconnected output pin
WARNING:NgdBuild:443 - SFF primitive
   'FLASH/FLASH/EMC_CTRL_I/ADDR_COUNTER_MUX_I/ADDRESS_STORE_GEN[30].ADDRESS_REG'
   has unconnected output pin
WARNING:NgdBuild:443 - SFF primitive
   'FLASH/FLASH/MCH_PLB_IPIF_I/NO_CHNL_IF_GEN.PLBV46_SLAVE_BURST_I/I_SLAVE_ATTAC
   HMENT/I_DECODER/GEN_CE_FOR_SHARED.GEN_BKEND_CE_REGISTERS[0].I_BKEND_WRCE_REG'
   has unconnected output pin
WARNING:NgdBuild:443 - SFF primitive
   'FLASH/FLASH/MCH_PLB_IPIF_I/NO_CHNL_IF_GEN.PLBV46_SLAVE_BURST_I/I_SLAVE_ATTAC
   HMENT/I_DECODER/GEN_CE_FOR_SHARED.GEN_BKEND_CE_REGISTERS[0].I_BKEND_RDCE_REG'
   has unconnected output pin
WARNING:NgdBuild:443 - SFF primitive
   'FLASH/FLASH/MCH_PLB_IPIF_I/NO_CHNL_IF_GEN.PLBV46_SLAVE_BURST_I/I_SLAVE_ATTAC
   HMENT/I_BURST_SUPPORT/RESPONSE_DBEAT_CNTR_I/STRUCTURAL_A_GEN.I_ADDSUB_GEN[6].
   FDRE_I' has unconnected output pin
WARNING:NgdBuild:443 - SFF primitive
   'FLASH/FLASH/MCH_PLB_IPIF_I/NO_CHNL_IF_GEN.PLBV46_SLAVE_BURST_I/I_SLAVE_ATTAC
   HMENT/I_BURST_SUPPORT/CONTROL_DBEAT_CNTR_I/STRUCTURAL_A_GEN.I_ADDSUB_GEN[6].F
   DRE_I' has unconnected output pin
WARNING:NgdBuild:443 - SFF primitive
   'FLASH/FLASH/MCH_PLB_IPIF_I/NO_CHNL_IF_GEN.PLBV46_SLAVE_BURST_I/I_SLAVE_ATTAC
   HMENT/I_BUS_ADDRESS_COUNTER/I_FLEX_ADDR_CNTR/LDMUX_FDRSE_0to3[0].I_FDRSE_BE0t
   o3' has unconnected output pin
WARNING:NgdBuild:443 - SFF primitive
   'FLASH/FLASH/MCH_PLB_IPIF_I/NO_CHNL_IF_GEN.PLBV46_SLAVE_BURST_I/I_SLAVE_ATTAC
   HMENT/I_BUS_ADDRESS_COUNTER/I_FLEX_ADDR_CNTR/LDMUX_FDRSE_0to3[1].I_FDRSE_BE0t
   o3' has unconnected output pin
WARNING:NgdBuild:443 - SFF primitive
   'FLASH/FLASH/MCH_PLB_IPIF_I/NO_CHNL_IF_GEN.PLBV46_SLAVE_BURST_I/I_SLAVE_ATTAC
   HMENT/I_BUS_ADDRESS_COUNTER/I_FLEX_ADDR_CNTR/LDMUX_FDRSE_0to3[2].I_FDRSE_BE0t
   o3' has unconnected output pin
WARNING:NgdBuild:443 - SFF primitive
   'FLASH/FLASH/MCH_PLB_IPIF_I/NO_CHNL_IF_GEN.PLBV46_SLAVE_BURST_I/I_SLAVE_ATTAC
   HMENT/I_BUS_ADDRESS_COUNTER/I_FLEX_ADDR_CNTR/LDMUX_FDRSE_0to3[3].I_FDRSE_BE0t
   o3' has unconnected output pin
WARNING:NgdBuild:443 - SFF primitive
   'FLASH/FLASH/MCH_PLB_IPIF_I/NO_CHNL_IF_GEN.PLBV46_SLAVE_BURST_I/I_SLAVE_ATTAC
   HMENT/I_BUS_ADDRESS_COUNTER/GEN_FOR_SHARED.GEN_S_H_SIZE_REG[0].I_SIZE_S_H_REG
   ' has unconnected output pin
WARNING:NgdBuild:443 - SFF primitive
   'FLASH/FLASH/MCH_PLB_IPIF_I/NO_CHNL_IF_GEN.PLBV46_SLAVE_BURST_I/I_SLAVE_ATTAC
   HMENT/I_STEER_ADDRESS_COUNTER/GEN_FOR_SHARED.GEN_S_H_SIZE_REG[0].I_SIZE_S_H_R
   EG' has unconnected output pin
WARNING:NgdBuild:443 - SFF primitive
   'xps_timer_0/xps_timer_0/TC_CORE_I/TIMER_CONTROL_I/TCSR0_GENERATE[0].TCSR0_FF
   _I' has unconnected output pin
WARNING:NgdBuild:443 - SFF primitive
   'xps_timer_0/xps_timer_0/TC_CORE_I/TIMER_CONTROL_I/TCSR0_GENERATE[1].TCSR0_FF
   _I' has unconnected output pin
WARNING:NgdBuild:443 - SFF primitive
   'xps_timer_0/xps_timer_0/TC_CORE_I/TIMER_CONTROL_I/TCSR0_GENERATE[2].TCSR0_FF
   _I' has unconnected output pin
WARNING:NgdBuild:443 - SFF primitive
   'xps_timer_0/xps_timer_0/TC_CORE_I/TIMER_CONTROL_I/TCSR0_GENERATE[3].TCSR0_FF
   _I' has unconnected output pin
WARNING:NgdBuild:443 - SFF primitive
   'xps_timer_0/xps_timer_0/TC_CORE_I/TIMER_CONTROL_I/TCSR0_GENERATE[4].TCSR0_FF
   _I' has unconnected output pin
WARNING:NgdBuild:443 - SFF primitive
   'xps_timer_0/xps_timer_0/TC_CORE_I/TIMER_CONTROL_I/TCSR0_GENERATE[5].TCSR0_FF
   _I' has unconnected output pin
WARNING:NgdBuild:443 - SFF primitive
   'xps_timer_0/xps_timer_0/TC_CORE_I/TIMER_CONTROL_I/TCSR0_GENERATE[6].TCSR0_FF
   _I' has unconnected output pin
WARNING:NgdBuild:443 - SFF primitive
   'xps_timer_0/xps_timer_0/TC_CORE_I/TIMER_CONTROL_I/TCSR0_GENERATE[7].TCSR0_FF
   _I' has unconnected output pin
WARNING:NgdBuild:443 - SFF primitive
   'xps_timer_0/xps_timer_0/TC_CORE_I/TIMER_CONTROL_I/TCSR0_GENERATE[8].TCSR0_FF
   _I' has unconnected output pin
WARNING:NgdBuild:443 - SFF primitive
   'xps_timer_0/xps_timer_0/TC_CORE_I/TIMER_CONTROL_I/TCSR0_GENERATE[9].TCSR0_FF
   _I' has unconnected output pin
WARNING:NgdBuild:443 - SFF primitive
   'xps_timer_0/xps_timer_0/TC_CORE_I/TIMER_CONTROL_I/TCSR0_GENERATE[10].TCSR0_F
   F_I' has unconnected output pin
WARNING:NgdBuild:443 - SFF primitive
   'xps_timer_0/xps_timer_0/TC_CORE_I/TIMER_CONTROL_I/TCSR0_GENERATE[11].TCSR0_F
   F_I' has unconnected output pin
WARNING:NgdBuild:443 - SFF primitive
   'xps_timer_0/xps_timer_0/TC_CORE_I/TIMER_CONTROL_I/TCSR0_GENERATE[12].TCSR0_F
   F_I' has unconnected output pin
WARNING:NgdBuild:443 - SFF primitive
   'xps_timer_0/xps_timer_0/TC_CORE_I/TIMER_CONTROL_I/TCSR0_GENERATE[13].TCSR0_F
   F_I' has unconnected output pin
WARNING:NgdBuild:443 - SFF primitive
   'xps_timer_0/xps_timer_0/TC_CORE_I/TIMER_CONTROL_I/TCSR0_GENERATE[14].TCSR0_F
   F_I' has unconnected output pin
WARNING:NgdBuild:443 - SFF primitive
   'xps_timer_0/xps_timer_0/TC_CORE_I/TIMER_CONTROL_I/TCSR0_GENERATE[15].TCSR0_F
   F_I' has unconnected output pin
WARNING:NgdBuild:443 - SFF primitive
   'xps_timer_0/xps_timer_0/TC_CORE_I/TIMER_CONTROL_I/TCSR0_GENERATE[16].TCSR0_F
   F_I' has unconnected output pin
WARNING:NgdBuild:443 - SFF primitive
   'xps_timer_0/xps_timer_0/TC_CORE_I/TIMER_CONTROL_I/TCSR0_GENERATE[17].TCSR0_F
   F_I' has unconnected output pin
WARNING:NgdBuild:443 - SFF primitive
   'xps_timer_0/xps_timer_0/TC_CORE_I/TIMER_CONTROL_I/TCSR0_GENERATE[18].TCSR0_F
   F_I' has unconnected output pin
WARNING:NgdBuild:443 - SFF primitive
   'xps_timer_0/xps_timer_0/TC_CORE_I/TIMER_CONTROL_I/TCSR0_GENERATE[19].TCSR0_F
   F_I' has unconnected output pin
WARNING:NgdBuild:443 - SFF primitive
   'xps_timer_0/xps_timer_0/TC_CORE_I/TIMER_CONTROL_I/TCSR0_GENERATE[20].TCSR0_F
   F_I' has unconnected output pin
WARNING:NgdBuild:443 - SFF primitive
   'xps_timer_0/xps_timer_0/TC_CORE_I/TIMER_CONTROL_I/TCSR1_GENERATE[0].TCSR1_FF
   _I' has unconnected output pin
WARNING:NgdBuild:443 - SFF primitive
   'xps_timer_0/xps_timer_0/TC_CORE_I/TIMER_CONTROL_I/TCSR1_GENERATE[1].TCSR1_FF
   _I' has unconnected output pin
WARNING:NgdBuild:443 - SFF primitive
   'xps_timer_0/xps_timer_0/TC_CORE_I/TIMER_CONTROL_I/TCSR1_GENERATE[2].TCSR1_FF
   _I' has unconnected output pin
WARNING:NgdBuild:443 - SFF primitive
   'xps_timer_0/xps_timer_0/TC_CORE_I/TIMER_CONTROL_I/TCSR1_GENERATE[3].TCSR1_FF
   _I' has unconnected output pin
WARNING:NgdBuild:443 - SFF primitive
   'xps_timer_0/xps_timer_0/TC_CORE_I/TIMER_CONTROL_I/TCSR1_GENERATE[4].TCSR1_FF
   _I' has unconnected output pin
WARNING:NgdBuild:443 - SFF primitive
   'xps_timer_0/xps_timer_0/TC_CORE_I/TIMER_CONTROL_I/TCSR1_GENERATE[5].TCSR1_FF
   _I' has unconnected output pin
WARNING:NgdBuild:443 - SFF primitive
   'xps_timer_0/xps_timer_0/TC_CORE_I/TIMER_CONTROL_I/TCSR1_GENERATE[6].TCSR1_FF
   _I' has unconnected output pin
WARNING:NgdBuild:443 - SFF primitive
   'xps_timer_0/xps_timer_0/TC_CORE_I/TIMER_CONTROL_I/TCSR1_GENERATE[7].TCSR1_FF
   _I' has unconnected output pin
WARNING:NgdBuild:443 - SFF primitive
   'xps_timer_0/xps_timer_0/TC_CORE_I/TIMER_CONTROL_I/TCSR1_GENERATE[8].TCSR1_FF
   _I' has unconnected output pin
WARNING:NgdBuild:443 - SFF primitive
   'xps_timer_0/xps_timer_0/TC_CORE_I/TIMER_CONTROL_I/TCSR1_GENERATE[9].TCSR1_FF
   _I' has unconnected output pin
WARNING:NgdBuild:443 - SFF primitive
   'xps_timer_0/xps_timer_0/TC_CORE_I/TIMER_CONTROL_I/TCSR1_GENERATE[10].TCSR1_F
   F_I' has unconnected output pin
WARNING:NgdBuild:443 - SFF primitive
   'xps_timer_0/xps_timer_0/TC_CORE_I/TIMER_CONTROL_I/TCSR1_GENERATE[11].TCSR1_F
   F_I' has unconnected output pin
WARNING:NgdBuild:443 - SFF primitive
   'xps_timer_0/xps_timer_0/TC_CORE_I/TIMER_CONTROL_I/TCSR1_GENERATE[12].TCSR1_F
   F_I' has unconnected output pin
WARNING:NgdBuild:443 - SFF primitive
   'xps_timer_0/xps_timer_0/TC_CORE_I/TIMER_CONTROL_I/TCSR1_GENERATE[13].TCSR1_F
   F_I' has unconnected output pin
WARNING:NgdBuild:443 - SFF primitive
   'xps_timer_0/xps_timer_0/TC_CORE_I/TIMER_CONTROL_I/TCSR1_GENERATE[14].TCSR1_F
   F_I' has unconnected output pin
WARNING:NgdBuild:443 - SFF primitive
   'xps_timer_0/xps_timer_0/TC_CORE_I/TIMER_CONTROL_I/TCSR1_GENERATE[15].TCSR1_F
   F_I' has unconnected output pin
WARNING:NgdBuild:443 - SFF primitive
   'xps_timer_0/xps_timer_0/TC_CORE_I/TIMER_CONTROL_I/TCSR1_GENERATE[16].TCSR1_F
   F_I' has unconnected output pin
WARNING:NgdBuild:443 - SFF primitive
   'xps_timer_0/xps_timer_0/TC_CORE_I/TIMER_CONTROL_I/TCSR1_GENERATE[17].TCSR1_F
   F_I' has unconnected output pin
WARNING:NgdBuild:443 - SFF primitive
   'xps_timer_0/xps_timer_0/TC_CORE_I/TIMER_CONTROL_I/TCSR1_GENERATE[18].TCSR1_F
   F_I' has unconnected output pin
WARNING:NgdBuild:443 - SFF primitive
   'xps_timer_0/xps_timer_0/TC_CORE_I/TIMER_CONTROL_I/TCSR1_GENERATE[19].TCSR1_F
   F_I' has unconnected output pin
WARNING:NgdBuild:443 - SFF primitive
   'xps_timer_0/xps_timer_0/TC_CORE_I/TIMER_CONTROL_I/TCSR1_GENERATE[20].TCSR1_F
   F_I' has unconnected output pin
WARNING:NgdBuild:452 - logical net 'N32' has no driver
WARNING:NgdBuild:452 - logical net 'N33' has no driver
WARNING:NgdBuild:452 - logical net 'N42' has no driver
WARNING:NgdBuild:452 - logical net 'N43' has no driver
WARNING:NgdBuild:452 - logical net 'N44' has no driver
WARNING:NgdBuild:452 - logical net 'N45' has no driver
WARNING:NgdBuild:452 - logical net 'N46' has no driver
WARNING:NgdBuild:452 - logical net 'N47' has no driver
WARNING:NgdBuild:452 - logical net 'N48' has no driver
WARNING:NgdBuild:452 - logical net 'N49' has no driver
WARNING:NgdBuild:452 - logical net 'N50' has no driver
WARNING:NgdBuild:452 - logical net 'N51' has no driver
WARNING:NgdBuild:452 - logical net 'N52' has no driver
WARNING:NgdBuild:452 - logical net 'N53' has no driver
WARNING:NgdBuild:452 - logical net 'N54' has no driver
WARNING:NgdBuild:452 - logical net 'N55' has no driver
WARNING:NgdBuild:452 - logical net 'N56' has no driver
WARNING:NgdBuild:452 - logical net 'N57' has no driver
WARNING:NgdBuild:478 - clock net mdm_0/bscan_drck1 with clock driver
   mdm_0/mdm_0/BUFG_DRCK1 drives no clock pins

Partition Implementation Status
-------------------------------

  No Partitions were found in this design.

-------------------------------

NGDBUILD Design Results Summary:
  Number of errors:     0
  Number of warnings: 157

Writing NGD file "Project5.ngd" ...
Total REAL time to NGDBUILD completion: 1 min  18 sec
Total CPU time to NGDBUILD completion:   37 sec

Writing NGDBUILD log file "Project5.bld"...

NGDBUILD done.



#----------------------------------------------#
# Starting program map
# map -o Project5_map.ncd -pr b -ol high -timing -detail Project5.ngd
Project5.pcf 
#----------------------------------------------#
Release 13.1 - Map O.40d (nt)
Copyright (c) 1995-2011 Xilinx, Inc.  All rights reserved.
PMSPEC -- Overriding Xilinx file
<C:/Xilinx/13.1/ISE_DS/EDK/data/Xdh_PrimTypeLib.xda> with local file
<C:/Xilinx/13.1/ISE_DS/ISE/data/Xdh_PrimTypeLib.xda>
Using target part "3s1600efg320-4".
vvvvvvvvvvvvvvvvvvvvvvvvvvvvvvvvvvvvvvvvvvvvvvvvvvvvvvvvvvvvvvvvvvvvvv
INFO:Security:50 - The XILINXD_LICENSE_FILE environment variable is set to
'2100@bkh-ececsw'.
INFO:Security:53 - The LM_LICENSE_FILE environment variable is not set.
INFO:Security:54 - 'xc3s1600e' is a WebPack part.
WARNING:Security:43 - No license file was found in the standard Xilinx license
directory.
WARNING:Security:44 - No license file was found.
       Please run the Xilinx License Configuration Manager
       (xlcm or "Manage Xilinx Licenses")
       to assist in obtaining a license.
WARNING:Security:42 - Your software subscription period has lapsed. Your current
version of Xilinx tools will continue to function, but you no longer qualify for
Xilinx software updates or new releases.
----------------------------------------------------------------------
Mapping design into LUTs...
WARNING:MapLib:701 - Signal fpga_0_Ethernet_MAC_PHY_col_pin connected to top
   level port fpga_0_Ethernet_MAC_PHY_col_pin has been removed.
WARNING:MapLib:39 - The timing specification "MAXDELAY=3000 pS" on net
   "DDR_SDRAM/DDR_SDRAM/mpmc_core_0/gen_s3_ddr_phy.mpmc_phy_if_0/infrastructure/
   cal_top/tap_dly/flop1<1>" has been discarded, because the net was optimized
   out of the design.
WARNING:MapLib:39 - The timing specification "MAXDELAY=3000 pS" on net
   "DDR_SDRAM/DDR_SDRAM/mpmc_core_0/gen_s3_ddr_phy.mpmc_phy_if_0/infrastructure/
   cal_top/tap_dly/flop1<0>" has been discarded, because the net was optimized
   out of the design.
WARNING:MapLib:39 - The timing specification "MAXDELAY=3000 pS" on net
   "DDR_SDRAM/DDR_SDRAM/mpmc_core_0/gen_s3_ddr_phy.mpmc_phy_if_0/infrastructure/
   cal_top/tap_dly/flop1<11>" has been discarded, because the net was optimized
   out of the design.
WARNING:MapLib:39 - The timing specification "MAXDELAY=3000 pS" on net
   "DDR_SDRAM/DDR_SDRAM/mpmc_core_0/gen_s3_ddr_phy.mpmc_phy_if_0/infrastructure/
   cal_top/tap_dly/flop1<10>" has been discarded, because the net was optimized
   out of the design.
WARNING:MapLib:39 - The timing specification "MAXDELAY=3000 pS" on net
   "DDR_SDRAM/DDR_SDRAM/mpmc_core_0/gen_s3_ddr_phy.mpmc_phy_if_0/infrastructure/
   cal_top/tap_dly/flop1<12>" has been discarded, because the net was optimized
   out of the design.
WARNING:MapLib:39 - The timing specification "MAXDELAY=3000 pS" on net
   "DDR_SDRAM/DDR_SDRAM/mpmc_core_0/gen_s3_ddr_phy.mpmc_phy_if_0/infrastructure/
   cal_top/tap_dly/flop1<13>" has been discarded, because the net was optimized
   out of the design.
WARNING:MapLib:39 - The timing specification "MAXDELAY=3000 pS" on net
   "DDR_SDRAM/DDR_SDRAM/mpmc_core_0/gen_s3_ddr_phy.mpmc_phy_if_0/infrastructure/
   cal_top/tap_dly/flop1<14>" has been discarded, because the net was optimized
   out of the design.
WARNING:MapLib:39 - The timing specification "MAXDELAY=3000 pS" on net
   "DDR_SDRAM/DDR_SDRAM/mpmc_core_0/gen_s3_ddr_phy.mpmc_phy_if_0/infrastructure/
   cal_top/tap_dly/flop1<15>" has been discarded, because the net was optimized
   out of the design.
WARNING:MapLib:39 - The timing specification "MAXDELAY=3000 pS" on net
   "DDR_SDRAM/DDR_SDRAM/mpmc_core_0/gen_s3_ddr_phy.mpmc_phy_if_0/infrastructure/
   cal_top/tap_dly/flop1<16>" has been discarded, because the net was optimized
   out of the design.
WARNING:MapLib:39 - The timing specification "MAXDELAY=3000 pS" on net
   "DDR_SDRAM/DDR_SDRAM/mpmc_core_0/gen_s3_ddr_phy.mpmc_phy_if_0/infrastructure/
   cal_top/tap_dly/flop1<17>" has been discarded, because the net was optimized
   out of the design.
WARNING:MapLib:39 - The timing specification "MAXDELAY=3000 pS" on net
   "DDR_SDRAM/DDR_SDRAM/mpmc_core_0/gen_s3_ddr_phy.mpmc_phy_if_0/infrastructure/
   cal_top/tap_dly/flop1<18>" has been discarded, because the net was optimized
   out of the design.
WARNING:MapLib:39 - The timing specification "MAXDELAY=3000 pS" on net
   "DDR_SDRAM/DDR_SDRAM/mpmc_core_0/gen_s3_ddr_phy.mpmc_phy_if_0/infrastructure/
   cal_top/tap_dly/flop1<19>" has been discarded, because the net was optimized
   out of the design.
WARNING:MapLib:39 - The timing specification "MAXDELAY=3000 pS" on net
   "DDR_SDRAM/DDR_SDRAM/mpmc_core_0/gen_s3_ddr_phy.mpmc_phy_if_0/infrastructure/
   cal_top/tap_dly/flop1<20>" has been discarded, because the net was optimized
   out of the design.
WARNING:MapLib:39 - The timing specification "MAXDELAY=3000 pS" on net
   "DDR_SDRAM/DDR_SDRAM/mpmc_core_0/gen_s3_ddr_phy.mpmc_phy_if_0/infrastructure/
   cal_top/tap_dly/flop1<2>" has been discarded, because the net was optimized
   out of the design.
WARNING:MapLib:39 - The timing specification "MAXDELAY=3000 pS" on net
   "DDR_SDRAM/DDR_SDRAM/mpmc_core_0/gen_s3_ddr_phy.mpmc_phy_if_0/infrastructure/
   cal_top/tap_dly/flop1<21>" has been discarded, because the net was optimized
   out of the design.
WARNING:MapLib:39 - The timing specification "MAXDELAY=3000 pS" on net
   "DDR_SDRAM/DDR_SDRAM/mpmc_core_0/gen_s3_ddr_phy.mpmc_phy_if_0/infrastructure/
   cal_top/tap_dly/flop1<22>" has been discarded, because the net was optimized
   out of the design.
WARNING:MapLib:39 - The timing specification "MAXDELAY=3000 pS" on net
   "DDR_SDRAM/DDR_SDRAM/mpmc_core_0/gen_s3_ddr_phy.mpmc_phy_if_0/infrastructure/
   cal_top/tap_dly/flop1<23>" has been discarded, because the net was optimized
   out of the design.
WARNING:MapLib:39 - The timing specification "MAXDELAY=3000 pS" on net
   "DDR_SDRAM/DDR_SDRAM/mpmc_core_0/gen_s3_ddr_phy.mpmc_phy_if_0/infrastructure/
   cal_top/tap_dly/flop1<24>" has been discarded, because the net was optimized
   out of the design.
WARNING:MapLib:39 - The timing specification "MAXDELAY=3000 pS" on net
   "DDR_SDRAM/DDR_SDRAM/mpmc_core_0/gen_s3_ddr_phy.mpmc_phy_if_0/infrastructure/
   cal_top/tap_dly/flop1<25>" has been discarded, because the net was optimized
   out of the design.
WARNING:MapLib:39 - The timing specification "MAXDELAY=3000 pS" on net
   "DDR_SDRAM/DDR_SDRAM/mpmc_core_0/gen_s3_ddr_phy.mpmc_phy_if_0/infrastructure/
   cal_top/tap_dly/flop1<26>" has been discarded, because the net was optimized
   out of the design.
WARNING:MapLib:39 - The timing specification "MAXDELAY=3000 pS" on net
   "DDR_SDRAM/DDR_SDRAM/mpmc_core_0/gen_s3_ddr_phy.mpmc_phy_if_0/infrastructure/
   cal_top/tap_dly/flop1<27>" has been discarded, because the net was optimized
   out of the design.
WARNING:MapLib:39 - The timing specification "MAXDELAY=3000 pS" on net
   "DDR_SDRAM/DDR_SDRAM/mpmc_core_0/gen_s3_ddr_phy.mpmc_phy_if_0/infrastructure/
   cal_top/tap_dly/flop1<28>" has been discarded, because the net was optimized
   out of the design.
WARNING:MapLib:39 - The timing specification "MAXDELAY=3000 pS" on net
   "DDR_SDRAM/DDR_SDRAM/mpmc_core_0/gen_s3_ddr_phy.mpmc_phy_if_0/infrastructure/
   cal_top/tap_dly/flop1<29>" has been discarded, because the net was optimized
   out of the design.
WARNING:MapLib:39 - The timing specification "MAXDELAY=3000 pS" on net
   "DDR_SDRAM/DDR_SDRAM/mpmc_core_0/gen_s3_ddr_phy.mpmc_phy_if_0/infrastructure/
   cal_top/tap_dly/flop1<30>" has been discarded, because the net was optimized
   out of the design.
WARNING:MapLib:39 - The timing specification "MAXDELAY=3000 pS" on net
   "DDR_SDRAM/DDR_SDRAM/mpmc_core_0/gen_s3_ddr_phy.mpmc_phy_if_0/infrastructure/
   cal_top/tap_dly/flop1<3>" has been discarded, because the net was optimized
   out of the design.
WARNING:MapLib:39 - The timing specification "MAXDELAY=3000 pS" on net
   "DDR_SDRAM/DDR_SDRAM/mpmc_core_0/gen_s3_ddr_phy.mpmc_phy_if_0/infrastructure/
   cal_top/tap_dly/flop1<31>" has been discarded, because the net was optimized
   out of the design.
WARNING:MapLib:39 - The timing specification "MAXDELAY=3000 pS" on net
   "DDR_SDRAM/DDR_SDRAM/mpmc_core_0/gen_s3_ddr_phy.mpmc_phy_if_0/infrastructure/
   cal_top/tap_dly/flop1<4>" has been discarded, because the net was optimized
   out of the design.
WARNING:MapLib:39 - The timing specification "MAXDELAY=3000 pS" on net
   "DDR_SDRAM/DDR_SDRAM/mpmc_core_0/gen_s3_ddr_phy.mpmc_phy_if_0/infrastructure/
   cal_top/tap_dly/flop1<5>" has been discarded, because the net was optimized
   out of the design.
WARNING:MapLib:39 - The timing specification "MAXDELAY=3000 pS" on net
   "DDR_SDRAM/DDR_SDRAM/mpmc_core_0/gen_s3_ddr_phy.mpmc_phy_if_0/infrastructure/
   cal_top/tap_dly/flop1<6>" has been discarded, because the net was optimized
   out of the design.
WARNING:MapLib:39 - The timing specification "MAXDELAY=3000 pS" on net
   "DDR_SDRAM/DDR_SDRAM/mpmc_core_0/gen_s3_ddr_phy.mpmc_phy_if_0/infrastructure/
   cal_top/tap_dly/flop1<7>" has been discarded, because the net was optimized
   out of the design.
WARNING:MapLib:39 - The timing specification "MAXDELAY=3000 pS" on net
   "DDR_SDRAM/DDR_SDRAM/mpmc_core_0/gen_s3_ddr_phy.mpmc_phy_if_0/infrastructure/
   cal_top/tap_dly/flop1<8>" has been discarded, because the net was optimized
   out of the design.
WARNING:MapLib:39 - The timing specification "MAXDELAY=3000 pS" on net
   "DDR_SDRAM/DDR_SDRAM/mpmc_core_0/gen_s3_ddr_phy.mpmc_phy_if_0/infrastructure/
   cal_top/tap_dly/flop1<9>" has been discarded, because the net was optimized
   out of the design.
WARNING:MapLib:39 - The timing specification "MAXDELAY=200 pS" on net
   "DDR_SDRAM/DDR_SDRAM/mpmc_core_0/gen_s3_ddr_phy.mpmc_phy_if_0/data_path/data_
   read_controller/gen_dqs[1]..u_dqs_delay_col0/delay1" has been discarded,
   because the net was optimized out of the design.
WARNING:MapLib:39 - The timing specification "MAXDELAY=200 pS" on net
   "DDR_SDRAM/DDR_SDRAM/mpmc_core_0/gen_s3_ddr_phy.mpmc_phy_if_0/data_path/data_
   read_controller/gen_dqs[1]..u_dqs_delay_col0/delay2" has been discarded,
   because the net was optimized out of the design.
WARNING:MapLib:39 - The timing specification "MAXDELAY=200 pS" on net
   "DDR_SDRAM/DDR_SDRAM/mpmc_core_0/gen_s3_ddr_phy.mpmc_phy_if_0/data_path/data_
   read_controller/gen_dqs[1]..u_dqs_delay_col1/delay1" has been discarded,
   because the net was optimized out of the design.
WARNING:MapLib:39 - The timing specification "MAXDELAY=200 pS" on net
   "DDR_SDRAM/DDR_SDRAM/mpmc_core_0/gen_s3_ddr_phy.mpmc_phy_if_0/data_path/data_
   read_controller/gen_dqs[1]..u_dqs_delay_col1/delay2" has been discarded,
   because the net was optimized out of the design.
WARNING:MapLib:39 - The timing specification "MAXDELAY=2000 pS" on net
   "DDR_SDRAM/DDR_SDRAM/mpmc_core_0/gen_s3_ddr_phy.mpmc_phy_if_0/data_path/data_
   read_controller/.rst_dqs_div_delayed/delay3" has been discarded, because the
   net was optimized out of the design.
WARNING:MapLib:39 - The timing specification "MAXDELAY=2000 pS" on net
   "DDR_SDRAM/DDR_SDRAM/mpmc_core_0/gen_s3_ddr_phy.mpmc_phy_if_0/data_path/data_
   read_controller/.rst_dqs_div_delayed/delay4" has been discarded, because the
   net was optimized out of the design.
WARNING:MapLib:39 - The timing specification "MAXDELAY=2000 pS" on net
   "DDR_SDRAM/DDR_SDRAM/mpmc_core_0/gen_s3_ddr_phy.mpmc_phy_if_0/data_path/data_
   read_controller/.rst_dqs_div_delayed/delay1" has been discarded, because the
   net was optimized out of the design.
WARNING:MapLib:39 - The timing specification "MAXDELAY=2000 pS" on net
   "DDR_SDRAM/DDR_SDRAM/mpmc_core_0/gen_s3_ddr_phy.mpmc_phy_if_0/data_path/data_
   read_controller/.rst_dqs_div_delayed/delay2" has been discarded, because the
   net was optimized out of the design.
WARNING:MapLib:39 - The timing specification "MAXDELAY=400 pS" on net
   "DDR_SDRAM/DDR_SDRAM/mpmc_core_0/gen_s3_ddr_phy.mpmc_phy_if_0/infrastructure/
   cal_top/tap_dly/tap<7>" has been discarded, because the net was optimized out
   of the design.
WARNING:MapLib:39 - The timing specification "MAXDELAY=400 pS" on net
   "DDR_SDRAM/DDR_SDRAM/mpmc_core_0/gen_s3_ddr_phy.mpmc_phy_if_0/infrastructure/
   cal_top/tap_dly/tap<15>" has been discarded, because the net was optimized
   out of the design.
WARNING:MapLib:39 - The timing specification "MAXDELAY=400 pS" on net
   "DDR_SDRAM/DDR_SDRAM/mpmc_core_0/gen_s3_ddr_phy.mpmc_phy_if_0/infrastructure/
   cal_top/tap_dly/tap<23>" has been discarded, because the net was optimized
   out of the design.
Writing file Project5_map.ngm...
Running directed packing...
Running delay-based LUT packing...
Updating timing models...
Running timing-driven placement...
Total REAL time at the beginning of Placer: 1 mins 5 secs 
Total CPU  time at the beginning of Placer: 22 secs 

Phase 1.1  Initial Placement Analysis
Phase 1.1  Initial Placement Analysis (Checksum:22f72b73) REAL time: 1 mins 12 secs 

Phase 2.7  Design Feasibility Check
ERROR:Place:864 - Incompatible IOB's are locked to the same bank 1
   Conflicting IO Standards are:
   IO Standard 1: Name = LVCMOS33, VREF = NR, VCCO = 3.30, TERM = NONE, DIR =
   OUTPUT, DRIVE_STR = NR
   List of locked IOB's:
   	fpga_0_Ethernet_MAC_PHY_tx_en_pin
   	fpga_0_RS232_DCE_TX_pin
   	fpga_0_Character_LCD_2x16_GPIO_IO_O_pin<0>
   	fpga_0_Character_LCD_2x16_GPIO_IO_O_pin<1>
   	fpga_0_Character_LCD_2x16_GPIO_IO_O_pin<2>
   	fpga_0_Character_LCD_2x16_GPIO_IO_O_pin<6>
   	fpga_0_FLASH_Mem_CEN_pin
   	fpga_0_FLASH_Mem_OEN_pin
   	fpga_0_FLASH_Mem_WEN_pin
   	fpga_0_RS232_DTE_TX_pin
   	fpga_0_Character_LCD_2x16_LCD_DB10_pin
   	fpga_0_Character_LCD_2x16_LCD_DB11_pin
   	fpga_0_FLASH_BEN_pin
   	fpga_0_Character_LCD_2x16_LCD_DB8_pin
   	fpga_0_Character_LCD_2x16_LCD_DB9_pin
   	fpga_0_FLASH_Mem_A_pin<20>
   	fpga_0_FLASH_Mem_A_pin<21>
   	fpga_0_FLASH_Mem_A_pin<30>
   	fpga_0_FLASH_Mem_A_pin<22>
   	fpga_0_FLASH_Mem_A_pin<31>
   	fpga_0_FLASH_Mem_A_pin<23>
   	fpga_0_FLASH_Mem_A_pin<15>
   	fpga_0_FLASH_Mem_A_pin<24>
   	fpga_0_FLASH_Mem_A_pin<16>
   	fpga_0_FLASH_Mem_A_pin<25>
   	fpga_0_FLASH_Mem_A_pin<17>
   	fpga_0_FLASH_Mem_A_pin<26>
   	fpga_0_FLASH_Mem_A_pin<18>
   	fpga_0_FLASH_Mem_A_pin<27>
   	fpga_0_FLASH_Mem_A_pin<19>
   	fpga_0_FLASH_Mem_A_pin<28>
   	fpga_0_FLASH_Mem_A_pin<29>

   IO Standard 2: Name = LVCMOS25, VREF = NR, VCCO = 2.50, TERM = NONE, DIR =
   OUTPUT, DRIVE_STR = NR
   List of locked IOB's:
   	graphics_ip_0_pixToDisp_pin<0>
   	graphics_ip_0_pixToDisp_pin<1>
   	graphics_ip_0_pixToDisp_pin<2>
   	graphics_ip_0_hsync_pin
   	graphics_ip_0_vsync_pin

   These IO Standards are incompatible due to VCCO mismatch.

ERROR:Place:864 - Incompatible IOB's are locked to the same bank 1
   Conflicting IO Standards are:
   IO Standard 1: Name = LVCMOS33, VREF = NR, VCCO = 3.30, TERM = NONE, DIR =
   INPUT, DRIVE_STR = NR
   List of locked IOB's:
   	fpga_0_Buttons_3Bit_GPIO_IO_I_pin<0>
   	fpga_0_Buttons_3Bit_GPIO_IO_I_pin<1>
   	fpga_0_DIP_Switches_4Bit_GPIO_IO_I_pin<0>
   	fpga_0_DIP_Switches_4Bit_GPIO_IO_I_pin<1>
   	fpga_0_DIP_Switches_4Bit_GPIO_IO_I_pin<2>
   	fpga_0_DIP_Switches_4Bit_GPIO_IO_I_pin<3>
   	fpga_0_Rotary_Encoder_GPIO_IO_I_pin<0>
   	fpga_0_Rotary_Encoder_GPIO_IO_I_pin<1>
   	fpga_0_rst_1_sys_rst_pin

   IO Standard 2: Name = LVCMOS25, VREF = NR, VCCO = 2.50, TERM = NONE, DIR =
   OUTPUT, DRIVE_STR = NR
   List of locked IOB's:
   	graphics_ip_0_pixToDisp_pin<0>
   	graphics_ip_0_pixToDisp_pin<1>
   	graphics_ip_0_pixToDisp_pin<2>
   	graphics_ip_0_hsync_pin
   	graphics_ip_0_vsync_pin

   These IO Standards are incompatible due to VCCO mismatch.

Phase 2.7  Design Feasibility Check (Checksum:22f72b73) REAL time: 1 mins 12 secs 

Total REAL time to Placer completion: 1 mins 12 secs 
Total CPU  time to Placer completion: 26 secs 
ERROR:Pack:1654 - The timing-driven placement phase encountered an error.

Mapping completed.
See MAP report file "Project5_map.mrp" for details.
Problem encountered during the packing phase.

Design Summary
--------------
Number of errors   :   3
Number of warnings :  44
ERROR:Xflow - Program map returned error code 2. Aborting flow execution...
