Release 13.1 - platgen Xilinx EDK 13.1 Build EDK_O.40d
 (nt64)
Copyright (c) 1995-2011 Xilinx, Inc.  All rights reserved.

Command Line: platgen -p xc3s1600efg320-4 -lang vhdl -lp pcores/ -msg
__xps/ise/xmsgprops.lst Project5.mhs 

ERROR:EDK - INFO:Security:56 - Part 'xc3s1600e' is not a WebPack part.
   INFO:Security:60 - The XILINXD_LICENSE_FILE environment variable is set to
   'C:\.Xilinx\Xilinx.lic'.
   INFO:Security:62 - The LM_LICENSE_FILE environment variable is set to
   'C:\.Xilinx\Xilinx.lic'.
   INFO:Security:68 - Please run the Xilinx License Configuration Manager
          (xlcm or "Manage Xilinx Licenses")
          to assist in obtaining a license.
   ERROR:Security:9 - No 'XPS' feature was available for part 'xc3s1600e'.
   ERROR:Security:12 - No 'xc3s1600e' feature was available (-5).

   No such feature exists.
   Feature:       XPS
   License path: 
   C:\.Xilinx\Xilinx.lic;C:/.Xilinx\Xilinx2.lic;C:/.Xilinx\XilinxFree.lic;C:\Xil
   inx\13.1\ISE_DS\EDK/data\*.lic;C:\Xilinx\13.1\ISE_DS\ISE/data\*.lic;C:\Xilinx
   \13.1\ISE_DS\ISE/coregen/core_licenses\Xilinx.lic;C:\Xilinx\13.1\ISE_DS\ISE/c
   oregen/core_licenses\XilinxFree.lic;C:\Xilinx\13.1\ISE_DS\EDK/data/core_licen
   ses\Xilinx.lic;
   FLEXnet Licensing error:-5,357.  System Error: 2 ""
   For further information, refer to the FLEXnet Licensing documentation,
   available at "www.acresso.com".No such feature exists.
   Feature:       xc3s1600e
   License path: 
   C:\.Xilinx\Xilinx.lic;C:/.Xilinx\Xilinx2.lic;C:/.Xilinx\XilinxFree.lic;C:\Xil
   inx\13.1\ISE_DS\EDK/data\*.lic;C:\Xilinx\13.1\ISE_DS\ISE/data\*.lic;C:\Xilinx
   \13.1\ISE_DS\ISE/coregen/core_licenses\Xilinx.lic;C:\Xilinx\13.1\ISE_DS\ISE/c
   oregen/core_licenses\XilinxFree.lic;C:\Xilinx\13.1\ISE_DS\EDK/data/core_licen
   ses\Xilinx.lic;
   FLEXnet Licensing error:-5,357
   For further information, refer to the FLEXnet Licensing documentation,
   available at "www.acresso.com".
ERROR:EDK:440 - platgen failed with errors!
