
**** Build of configuration Debug for project empty_application_0 ****

make all 
Building file: ../libsrc/uartlite_v2_00_a/src/xuartlite.c
Invoking: MicroBlaze gcc compiler
mb-gcc -Wall -O0 -g3 -c -fmessage-length=0 -IC:/Users/Jeff/Documents/GitHub/System_on_Chip/Project5/newfolder/microblaze_0/include -mxl-barrel-shift -mxl-pattern-compare -mcpu=v8.10.a -mno-xl-soft-mul -MMD -MP -MF"libsrc/uartlite_v2_00_a/src/xuartlite.d" -MT"libsrc/uartlite_v2_00_a/src/xuartlite.d" -o"libsrc/uartlite_v2_00_a/src/xuartlite.o" "../libsrc/uartlite_v2_00_a/src/xuartlite.c"
Finished building: ../libsrc/uartlite_v2_00_a/src/xuartlite.c
' '
Building file: ../libsrc/uartlite_v2_00_a/src/xuartlite_g.c
Invoking: MicroBlaze gcc compiler
mb-gcc -Wall -O0 -g3 -c -fmessage-length=0 -IC:/Users/Jeff/Documents/GitHub/System_on_Chip/Project5/newfolder/microblaze_0/include -mxl-barrel-shift -mxl-pattern-compare -mcpu=v8.10.a -mno-xl-soft-mul -MMD -MP -MF"libsrc/uartlite_v2_00_a/src/xuartlite_g.d" -MT"libsrc/uartlite_v2_00_a/src/xuartlite_g.d" -o"libsrc/uartlite_v2_00_a/src/xuartlite_g.o" "../libsrc/uartlite_v2_00_a/src/xuartlite_g.c"
Finished building: ../libsrc/uartlite_v2_00_a/src/xuartlite_g.c
' '
Building file: ../libsrc/uartlite_v2_00_a/src/xuartlite_intr.c
Invoking: MicroBlaze gcc compiler
mb-gcc -Wall -O0 -g3 -c -fmessage-length=0 -IC:/Users/Jeff/Documents/GitHub/System_on_Chip/Project5/newfolder/microblaze_0/include -mxl-barrel-shift -mxl-pattern-compare -mcpu=v8.10.a -mno-xl-soft-mul -MMD -MP -MF"libsrc/uartlite_v2_00_a/src/xuartlite_intr.d" -MT"libsrc/uartlite_v2_00_a/src/xuartlite_intr.d" -o"libsrc/uartlite_v2_00_a/src/xuartlite_intr.o" "../libsrc/uartlite_v2_00_a/src/xuartlite_intr.c"
Finished building: ../libsrc/uartlite_v2_00_a/src/xuartlite_intr.c
' '
Building file: ../libsrc/uartlite_v2_00_a/src/xuartlite_l.c
Invoking: MicroBlaze gcc compiler
mb-gcc -Wall -O0 -g3 -c -fmessage-length=0 -IC:/Users/Jeff/Documents/GitHub/System_on_Chip/Project5/newfolder/microblaze_0/include -mxl-barrel-shift -mxl-pattern-compare -mcpu=v8.10.a -mno-xl-soft-mul -MMD -MP -MF"libsrc/uartlite_v2_00_a/src/xuartlite_l.d" -MT"libsrc/uartlite_v2_00_a/src/xuartlite_l.d" -o"libsrc/uartlite_v2_00_a/src/xuartlite_l.o" "../libsrc/uartlite_v2_00_a/src/xuartlite_l.c"
Finished building: ../libsrc/uartlite_v2_00_a/src/xuartlite_l.c
' '
Building file: ../libsrc/uartlite_v2_00_a/src/xuartlite_selftest.c
Invoking: MicroBlaze gcc compiler
mb-gcc -Wall -O0 -g3 -c -fmessage-length=0 -IC:/Users/Jeff/Documents/GitHub/System_on_Chip/Project5/newfolder/microblaze_0/include -mxl-barrel-shift -mxl-pattern-compare -mcpu=v8.10.a -mno-xl-soft-mul -MMD -MP -MF"libsrc/uartlite_v2_00_a/src/xuartlite_selftest.d" -MT"libsrc/uartlite_v2_00_a/src/xuartlite_selftest.d" -o"libsrc/uartlite_v2_00_a/src/xuartlite_selftest.o" "../libsrc/uartlite_v2_00_a/src/xuartlite_selftest.c"
Finished building: ../libsrc/uartlite_v2_00_a/src/xuartlite_selftest.c
' '
Building file: ../libsrc/uartlite_v2_00_a/src/xuartlite_sinit.c
Invoking: MicroBlaze gcc compiler
mb-gcc -Wall -O0 -g3 -c -fmessage-length=0 -IC:/Users/Jeff/Documents/GitHub/System_on_Chip/Project5/newfolder/microblaze_0/include -mxl-barrel-shift -mxl-pattern-compare -mcpu=v8.10.a -mno-xl-soft-mul -MMD -MP -MF"libsrc/uartlite_v2_00_a/src/xuartlite_sinit.d" -MT"libsrc/uartlite_v2_00_a/src/xuartlite_sinit.d" -o"libsrc/uartlite_v2_00_a/src/xuartlite_sinit.o" "../libsrc/uartlite_v2_00_a/src/xuartlite_sinit.c"
Finished building: ../libsrc/uartlite_v2_00_a/src/xuartlite_sinit.c
' '
Building file: ../libsrc/uartlite_v2_00_a/src/xuartlite_stats.c
Invoking: MicroBlaze gcc compiler
mb-gcc -Wall -O0 -g3 -c -fmessage-length=0 -IC:/Users/Jeff/Documents/GitHub/System_on_Chip/Project5/newfolder/microblaze_0/include -mxl-barrel-shift -mxl-pattern-compare -mcpu=v8.10.a -mno-xl-soft-mul -MMD -MP -MF"libsrc/uartlite_v2_00_a/src/xuartlite_stats.d" -MT"libsrc/uartlite_v2_00_a/src/xuartlite_stats.d" -o"libsrc/uartlite_v2_00_a/src/xuartlite_stats.o" "../libsrc/uartlite_v2_00_a/src/xuartlite_stats.c"
Finished building: ../libsrc/uartlite_v2_00_a/src/xuartlite_stats.c
' '
Building file: ../libsrc/tmrctr_v2_03_a/src/xtmrctr.c
Invoking: MicroBlaze gcc compiler
mb-gcc -Wall -O0 -g3 -c -fmessage-length=0 -IC:/Users/Jeff/Documents/GitHub/System_on_Chip/Project5/newfolder/microblaze_0/include -mxl-barrel-shift -mxl-pattern-compare -mcpu=v8.10.a -mno-xl-soft-mul -MMD -MP -MF"libsrc/tmrctr_v2_03_a/src/xtmrctr.d" -MT"libsrc/tmrctr_v2_03_a/src/xtmrctr.d" -o"libsrc/tmrctr_v2_03_a/src/xtmrctr.o" "../libsrc/tmrctr_v2_03_a/src/xtmrctr.c"
Finished building: ../libsrc/tmrctr_v2_03_a/src/xtmrctr.c
' '
Building file: ../libsrc/tmrctr_v2_03_a/src/xtmrctr_g.c
Invoking: MicroBlaze gcc compiler
mb-gcc -Wall -O0 -g3 -c -fmessage-length=0 -IC:/Users/Jeff/Documents/GitHub/System_on_Chip/Project5/newfolder/microblaze_0/include -mxl-barrel-shift -mxl-pattern-compare -mcpu=v8.10.a -mno-xl-soft-mul -MMD -MP -MF"libsrc/tmrctr_v2_03_a/src/xtmrctr_g.d" -MT"libsrc/tmrctr_v2_03_a/src/xtmrctr_g.d" -o"libsrc/tmrctr_v2_03_a/src/xtmrctr_g.o" "../libsrc/tmrctr_v2_03_a/src/xtmrctr_g.c"
Finished building: ../libsrc/tmrctr_v2_03_a/src/xtmrctr_g.c
' '
Building file: ../libsrc/tmrctr_v2_03_a/src/xtmrctr_intr.c
Invoking: MicroBlaze gcc compiler
mb-gcc -Wall -O0 -g3 -c -fmessage-length=0 -IC:/Users/Jeff/Documents/GitHub/System_on_Chip/Project5/newfolder/microblaze_0/include -mxl-barrel-shift -mxl-pattern-compare -mcpu=v8.10.a -mno-xl-soft-mul -MMD -MP -MF"libsrc/tmrctr_v2_03_a/src/xtmrctr_intr.d" -MT"libsrc/tmrctr_v2_03_a/src/xtmrctr_intr.d" -o"libsrc/tmrctr_v2_03_a/src/xtmrctr_intr.o" "../libsrc/tmrctr_v2_03_a/src/xtmrctr_intr.c"
Finished building: ../libsrc/tmrctr_v2_03_a/src/xtmrctr_intr.c
' '
Building file: ../libsrc/tmrctr_v2_03_a/src/xtmrctr_l.c
Invoking: MicroBlaze gcc compiler
mb-gcc -Wall -O0 -g3 -c -fmessage-length=0 -IC:/Users/Jeff/Documents/GitHub/System_on_Chip/Project5/newfolder/microblaze_0/include -mxl-barrel-shift -mxl-pattern-compare -mcpu=v8.10.a -mno-xl-soft-mul -MMD -MP -MF"libsrc/tmrctr_v2_03_a/src/xtmrctr_l.d" -MT"libsrc/tmrctr_v2_03_a/src/xtmrctr_l.d" -o"libsrc/tmrctr_v2_03_a/src/xtmrctr_l.o" "../libsrc/tmrctr_v2_03_a/src/xtmrctr_l.c"
Finished building: ../libsrc/tmrctr_v2_03_a/src/xtmrctr_l.c
' '
Building file: ../libsrc/tmrctr_v2_03_a/src/xtmrctr_options.c
Invoking: MicroBlaze gcc compiler
mb-gcc -Wall -O0 -g3 -c -fmessage-length=0 -IC:/Users/Jeff/Documents/GitHub/System_on_Chip/Project5/newfolder/microblaze_0/include -mxl-barrel-shift -mxl-pattern-compare -mcpu=v8.10.a -mno-xl-soft-mul -MMD -MP -MF"libsrc/tmrctr_v2_03_a/src/xtmrctr_options.d" -MT"libsrc/tmrctr_v2_03_a/src/xtmrctr_options.d" -o"libsrc/tmrctr_v2_03_a/src/xtmrctr_options.o" "../libsrc/tmrctr_v2_03_a/src/xtmrctr_options.c"
Finished building: ../libsrc/tmrctr_v2_03_a/src/xtmrctr_options.c
' '
Building file: ../libsrc/tmrctr_v2_03_a/src/xtmrctr_selftest.c
Invoking: MicroBlaze gcc compiler
mb-gcc -Wall -O0 -g3 -c -fmessage-length=0 -IC:/Users/Jeff/Documents/GitHub/System_on_Chip/Project5/newfolder/microblaze_0/include -mxl-barrel-shift -mxl-pattern-compare -mcpu=v8.10.a -mno-xl-soft-mul -MMD -MP -MF"libsrc/tmrctr_v2_03_a/src/xtmrctr_selftest.d" -MT"libsrc/tmrctr_v2_03_a/src/xtmrctr_selftest.d" -o"libsrc/tmrctr_v2_03_a/src/xtmrctr_selftest.o" "../libsrc/tmrctr_v2_03_a/src/xtmrctr_selftest.c"
Finished building: ../libsrc/tmrctr_v2_03_a/src/xtmrctr_selftest.c
' '
Building file: ../libsrc/tmrctr_v2_03_a/src/xtmrctr_stats.c
Invoking: MicroBlaze gcc compiler
mb-gcc -Wall -O0 -g3 -c -fmessage-length=0 -IC:/Users/Jeff/Documents/GitHub/System_on_Chip/Project5/newfolder/microblaze_0/include -mxl-barrel-shift -mxl-pattern-compare -mcpu=v8.10.a -mno-xl-soft-mul -MMD -MP -MF"libsrc/tmrctr_v2_03_a/src/xtmrctr_stats.d" -MT"libsrc/tmrctr_v2_03_a/src/xtmrctr_stats.d" -o"libsrc/tmrctr_v2_03_a/src/xtmrctr_stats.o" "../libsrc/tmrctr_v2_03_a/src/xtmrctr_stats.c"
Finished building: ../libsrc/tmrctr_v2_03_a/src/xtmrctr_stats.c
' '
Building file: ../libsrc/standalone_v3_01_a/src/_exit.c
Invoking: MicroBlaze gcc compiler
mb-gcc -Wall -O0 -g3 -c -fmessage-length=0 -IC:/Users/Jeff/Documents/GitHub/System_on_Chip/Project5/newfolder/microblaze_0/include -mxl-barrel-shift -mxl-pattern-compare -mcpu=v8.10.a -mno-xl-soft-mul -MMD -MP -MF"libsrc/standalone_v3_01_a/src/_exit.d" -MT"libsrc/standalone_v3_01_a/src/_exit.d" -o"libsrc/standalone_v3_01_a/src/_exit.o" "../libsrc/standalone_v3_01_a/src/_exit.c"
Finished building: ../libsrc/standalone_v3_01_a/src/_exit.c
' '
Building file: ../libsrc/standalone_v3_01_a/src/errno.c
Invoking: MicroBlaze gcc compiler
mb-gcc -Wall -O0 -g3 -c -fmessage-length=0 -IC:/Users/Jeff/Documents/GitHub/System_on_Chip/Project5/newfolder/microblaze_0/include -mxl-barrel-shift -mxl-pattern-compare -mcpu=v8.10.a -mno-xl-soft-mul -MMD -MP -MF"libsrc/standalone_v3_01_a/src/errno.d" -MT"libsrc/standalone_v3_01_a/src/errno.d" -o"libsrc/standalone_v3_01_a/src/errno.o" "../libsrc/standalone_v3_01_a/src/errno.c"
Finished building: ../libsrc/standalone_v3_01_a/src/errno.c
' '
Building file: ../libsrc/standalone_v3_01_a/src/fcntl.c
Invoking: MicroBlaze gcc compiler
mb-gcc -Wall -O0 -g3 -c -fmessage-length=0 -IC:/Users/Jeff/Documents/GitHub/System_on_Chip/Project5/newfolder/microblaze_0/include -mxl-barrel-shift -mxl-pattern-compare -mcpu=v8.10.a -mno-xl-soft-mul -MMD -MP -MF"libsrc/standalone_v3_01_a/src/fcntl.d" -MT"libsrc/standalone_v3_01_a/src/fcntl.d" -o"libsrc/standalone_v3_01_a/src/fcntl.o" "../libsrc/standalone_v3_01_a/src/fcntl.c"
Finished building: ../libsrc/standalone_v3_01_a/src/fcntl.c
' '
Building file: ../libsrc/standalone_v3_01_a/src/hw_exception_handler.S
Invoking: MicroBlaze gcc compiler
mb-gcc -Wall -O0 -g3 -c -fmessage-length=0 -IC:/Users/Jeff/Documents/GitHub/System_on_Chip/Project5/newfolder/microblaze_0/include -mxl-barrel-shift -mxl-pattern-compare -mcpu=v8.10.a -mno-xl-soft-mul -MMD -MP -MF"libsrc/standalone_v3_01_a/src/hw_exception_handler.d" -MT"libsrc/standalone_v3_01_a/src/hw_exception_handler.d" -o"libsrc/standalone_v3_01_a/src/hw_exception_handler.o" "../libsrc/standalone_v3_01_a/src/hw_exception_handler.S"
Finished building: ../libsrc/standalone_v3_01_a/src/hw_exception_handler.S
' '
Building file: ../libsrc/standalone_v3_01_a/src/inbyte.c
Invoking: MicroBlaze gcc compiler
mb-gcc -Wall -O0 -g3 -c -fmessage-length=0 -IC:/Users/Jeff/Documents/GitHub/System_on_Chip/Project5/newfolder/microblaze_0/include -mxl-barrel-shift -mxl-pattern-compare -mcpu=v8.10.a -mno-xl-soft-mul -MMD -MP -MF"libsrc/standalone_v3_01_a/src/inbyte.d" -MT"libsrc/standalone_v3_01_a/src/inbyte.d" -o"libsrc/standalone_v3_01_a/src/inbyte.o" "../libsrc/standalone_v3_01_a/src/inbyte.c"
Finished building: ../libsrc/standalone_v3_01_a/src/inbyte.c
' '
Building file: ../libsrc/standalone_v3_01_a/src/microblaze_disable_dcache.S
Invoking: MicroBlaze gcc compiler
mb-gcc -Wall -O0 -g3 -c -fmessage-length=0 -IC:/Users/Jeff/Documents/GitHub/System_on_Chip/Project5/newfolder/microblaze_0/include -mxl-barrel-shift -mxl-pattern-compare -mcpu=v8.10.a -mno-xl-soft-mul -MMD -MP -MF"libsrc/standalone_v3_01_a/src/microblaze_disable_dcache.d" -MT"libsrc/standalone_v3_01_a/src/microblaze_disable_dcache.d" -o"libsrc/standalone_v3_01_a/src/microblaze_disable_dcache.o" "../libsrc/standalone_v3_01_a/src/microblaze_disable_dcache.S"
Finished building: ../libsrc/standalone_v3_01_a/src/microblaze_disable_dcache.S
' '
Building file: ../libsrc/standalone_v3_01_a/src/microblaze_disable_exceptions.S
Invoking: MicroBlaze gcc compiler
mb-gcc -Wall -O0 -g3 -c -fmessage-length=0 -IC:/Users/Jeff/Documents/GitHub/System_on_Chip/Project5/newfolder/microblaze_0/include -mxl-barrel-shift -mxl-pattern-compare -mcpu=v8.10.a -mno-xl-soft-mul -MMD -MP -MF"libsrc/standalone_v3_01_a/src/microblaze_disable_exceptions.d" -MT"libsrc/standalone_v3_01_a/src/microblaze_disable_exceptions.d" -o"libsrc/standalone_v3_01_a/src/microblaze_disable_exceptions.o" "../libsrc/standalone_v3_01_a/src/microblaze_disable_exceptions.S"
Finished building: ../libsrc/standalone_v3_01_a/src/microblaze_disable_exceptions.S
' '
Building file: ../libsrc/standalone_v3_01_a/src/microblaze_disable_icache.S
Invoking: MicroBlaze gcc compiler
mb-gcc -Wall -O0 -g3 -c -fmessage-length=0 -IC:/Users/Jeff/Documents/GitHub/System_on_Chip/Project5/newfolder/microblaze_0/include -mxl-barrel-shift -mxl-pattern-compare -mcpu=v8.10.a -mno-xl-soft-mul -MMD -MP -MF"libsrc/standalone_v3_01_a/src/microblaze_disable_icache.d" -MT"libsrc/standalone_v3_01_a/src/microblaze_disable_icache.d" -o"libsrc/standalone_v3_01_a/src/microblaze_disable_icache.o" "../libsrc/standalone_v3_01_a/src/microblaze_disable_icache.S"
Finished building: ../libsrc/standalone_v3_01_a/src/microblaze_disable_icache.S
' '
Building file: ../libsrc/standalone_v3_01_a/src/microblaze_disable_interrupts.S
Invoking: MicroBlaze gcc compiler
mb-gcc -Wall -O0 -g3 -c -fmessage-length=0 -IC:/Users/Jeff/Documents/GitHub/System_on_Chip/Project5/newfolder/microblaze_0/include -mxl-barrel-shift -mxl-pattern-compare -mcpu=v8.10.a -mno-xl-soft-mul -MMD -MP -MF"libsrc/standalone_v3_01_a/src/microblaze_disable_interrupts.d" -MT"libsrc/standalone_v3_01_a/src/microblaze_disable_interrupts.d" -o"libsrc/standalone_v3_01_a/src/microblaze_disable_interrupts.o" "../libsrc/standalone_v3_01_a/src/microblaze_disable_interrupts.S"
Finished building: ../libsrc/standalone_v3_01_a/src/microblaze_disable_interrupts.S
' '
Building file: ../libsrc/standalone_v3_01_a/src/microblaze_enable_dcache.S
Invoking: MicroBlaze gcc compiler
mb-gcc -Wall -O0 -g3 -c -fmessage-length=0 -IC:/Users/Jeff/Documents/GitHub/System_on_Chip/Project5/newfolder/microblaze_0/include -mxl-barrel-shift -mxl-pattern-compare -mcpu=v8.10.a -mno-xl-soft-mul -MMD -MP -MF"libsrc/standalone_v3_01_a/src/microblaze_enable_dcache.d" -MT"libsrc/standalone_v3_01_a/src/microblaze_enable_dcache.d" -o"libsrc/standalone_v3_01_a/src/microblaze_enable_dcache.o" "../libsrc/standalone_v3_01_a/src/microblaze_enable_dcache.S"
Finished building: ../libsrc/standalone_v3_01_a/src/microblaze_enable_dcache.S
' '
Building file: ../libsrc/standalone_v3_01_a/src/microblaze_enable_exceptions.S
Invoking: MicroBlaze gcc compiler
mb-gcc -Wall -O0 -g3 -c -fmessage-length=0 -IC:/Users/Jeff/Documents/GitHub/System_on_Chip/Project5/newfolder/microblaze_0/include -mxl-barrel-shift -mxl-pattern-compare -mcpu=v8.10.a -mno-xl-soft-mul -MMD -MP -MF"libsrc/standalone_v3_01_a/src/microblaze_enable_exceptions.d" -MT"libsrc/standalone_v3_01_a/src/microblaze_enable_exceptions.d" -o"libsrc/standalone_v3_01_a/src/microblaze_enable_exceptions.o" "../libsrc/standalone_v3_01_a/src/microblaze_enable_exceptions.S"
Finished building: ../libsrc/standalone_v3_01_a/src/microblaze_enable_exceptions.S
' '
Building file: ../libsrc/standalone_v3_01_a/src/microblaze_enable_icache.S
Invoking: MicroBlaze gcc compiler
mb-gcc -Wall -O0 -g3 -c -fmessage-length=0 -IC:/Users/Jeff/Documents/GitHub/System_on_Chip/Project5/newfolder/microblaze_0/include -mxl-barrel-shift -mxl-pattern-compare -mcpu=v8.10.a -mno-xl-soft-mul -MMD -MP -MF"libsrc/standalone_v3_01_a/src/microblaze_enable_icache.d" -MT"libsrc/standalone_v3_01_a/src/microblaze_enable_icache.d" -o"libsrc/standalone_v3_01_a/src/microblaze_enable_icache.o" "../libsrc/standalone_v3_01_a/src/microblaze_enable_icache.S"
Finished building: ../libsrc/standalone_v3_01_a/src/microblaze_enable_icache.S
' '
Building file: ../libsrc/standalone_v3_01_a/src/microblaze_enable_interrupts.S
Invoking: MicroBlaze gcc compiler
mb-gcc -Wall -O0 -g3 -c -fmessage-length=0 -IC:/Users/Jeff/Documents/GitHub/System_on_Chip/Project5/newfolder/microblaze_0/include -mxl-barrel-shift -mxl-pattern-compare -mcpu=v8.10.a -mno-xl-soft-mul -MMD -MP -MF"libsrc/standalone_v3_01_a/src/microblaze_enable_interrupts.d" -MT"libsrc/standalone_v3_01_a/src/microblaze_enable_interrupts.d" -o"libsrc/standalone_v3_01_a/src/microblaze_enable_interrupts.o" "../libsrc/standalone_v3_01_a/src/microblaze_enable_interrupts.S"
Finished building: ../libsrc/standalone_v3_01_a/src/microblaze_enable_interrupts.S
' '
Building file: ../libsrc/standalone_v3_01_a/src/microblaze_exception_handler.c
Invoking: MicroBlaze gcc compiler
mb-gcc -Wall -O0 -g3 -c -fmessage-length=0 -IC:/Users/Jeff/Documents/GitHub/System_on_Chip/Project5/newfolder/microblaze_0/include -mxl-barrel-shift -mxl-pattern-compare -mcpu=v8.10.a -mno-xl-soft-mul -MMD -MP -MF"libsrc/standalone_v3_01_a/src/microblaze_exception_handler.d" -MT"libsrc/standalone_v3_01_a/src/microblaze_exception_handler.d" -o"libsrc/standalone_v3_01_a/src/microblaze_exception_handler.o" "../libsrc/standalone_v3_01_a/src/microblaze_exception_handler.c"
Finished building: ../libsrc/standalone_v3_01_a/src/microblaze_exception_handler.c
' '
Building file: ../libsrc/standalone_v3_01_a/src/microblaze_flush_dcache.S
Invoking: MicroBlaze gcc compiler
mb-gcc -Wall -O0 -g3 -c -fmessage-length=0 -IC:/Users/Jeff/Documents/GitHub/System_on_Chip/Project5/newfolder/microblaze_0/include -mxl-barrel-shift -mxl-pattern-compare -mcpu=v8.10.a -mno-xl-soft-mul -MMD -MP -MF"libsrc/standalone_v3_01_a/src/microblaze_flush_dcache.d" -MT"libsrc/standalone_v3_01_a/src/microblaze_flush_dcache.d" -o"libsrc/standalone_v3_01_a/src/microblaze_flush_dcache.o" "../libsrc/standalone_v3_01_a/src/microblaze_flush_dcache.S"
Finished building: ../libsrc/standalone_v3_01_a/src/microblaze_flush_dcache.S
' '
Building file: ../libsrc/standalone_v3_01_a/src/microblaze_flush_dcache_range.S
Invoking: MicroBlaze gcc compiler
mb-gcc -Wall -O0 -g3 -c -fmessage-length=0 -IC:/Users/Jeff/Documents/GitHub/System_on_Chip/Project5/newfolder/microblaze_0/include -mxl-barrel-shift -mxl-pattern-compare -mcpu=v8.10.a -mno-xl-soft-mul -MMD -MP -MF"libsrc/standalone_v3_01_a/src/microblaze_flush_dcache_range.d" -MT"libsrc/standalone_v3_01_a/src/microblaze_flush_dcache_range.d" -o"libsrc/standalone_v3_01_a/src/microblaze_flush_dcache_range.o" "../libsrc/standalone_v3_01_a/src/microblaze_flush_dcache_range.S"
Finished building: ../libsrc/standalone_v3_01_a/src/microblaze_flush_dcache_range.S
' '
Building file: ../libsrc/standalone_v3_01_a/src/microblaze_init_dcache_range.S
Invoking: MicroBlaze gcc compiler
mb-gcc -Wall -O0 -g3 -c -fmessage-length=0 -IC:/Users/Jeff/Documents/GitHub/System_on_Chip/Project5/newfolder/microblaze_0/include -mxl-barrel-shift -mxl-pattern-compare -mcpu=v8.10.a -mno-xl-soft-mul -MMD -MP -MF"libsrc/standalone_v3_01_a/src/microblaze_init_dcache_range.d" -MT"libsrc/standalone_v3_01_a/src/microblaze_init_dcache_range.d" -o"libsrc/standalone_v3_01_a/src/microblaze_init_dcache_range.o" "../libsrc/standalone_v3_01_a/src/microblaze_init_dcache_range.S"
Finished building: ../libsrc/standalone_v3_01_a/src/microblaze_init_dcache_range.S
' '
Building file: ../libsrc/standalone_v3_01_a/src/microblaze_init_icache_range.S
Invoking: MicroBlaze gcc compiler
mb-gcc -Wall -O0 -g3 -c -fmessage-length=0 -IC:/Users/Jeff/Documents/GitHub/System_on_Chip/Project5/newfolder/microblaze_0/include -mxl-barrel-shift -mxl-pattern-compare -mcpu=v8.10.a -mno-xl-soft-mul -MMD -MP -MF"libsrc/standalone_v3_01_a/src/microblaze_init_icache_range.d" -MT"libsrc/standalone_v3_01_a/src/microblaze_init_icache_range.d" -o"libsrc/standalone_v3_01_a/src/microblaze_init_icache_range.o" "../libsrc/standalone_v3_01_a/src/microblaze_init_icache_range.S"
Finished building: ../libsrc/standalone_v3_01_a/src/microblaze_init_icache_range.S
' '
Building file: ../libsrc/standalone_v3_01_a/src/microblaze_interrupt_handler.c
Invoking: MicroBlaze gcc compiler
mb-gcc -Wall -O0 -g3 -c -fmessage-length=0 -IC:/Users/Jeff/Documents/GitHub/System_on_Chip/Project5/newfolder/microblaze_0/include -mxl-barrel-shift -mxl-pattern-compare -mcpu=v8.10.a -mno-xl-soft-mul -MMD -MP -MF"libsrc/standalone_v3_01_a/src/microblaze_interrupt_handler.d" -MT"libsrc/standalone_v3_01_a/src/microblaze_interrupt_handler.d" -o"libsrc/standalone_v3_01_a/src/microblaze_interrupt_handler.o" "../libsrc/standalone_v3_01_a/src/microblaze_interrupt_handler.c"
Finished building: ../libsrc/standalone_v3_01_a/src/microblaze_interrupt_handler.c
' '
Building file: ../libsrc/standalone_v3_01_a/src/microblaze_interrupts_g.c
Invoking: MicroBlaze gcc compiler
mb-gcc -Wall -O0 -g3 -c -fmessage-length=0 -IC:/Users/Jeff/Documents/GitHub/System_on_Chip/Project5/newfolder/microblaze_0/include -mxl-barrel-shift -mxl-pattern-compare -mcpu=v8.10.a -mno-xl-soft-mul -MMD -MP -MF"libsrc/standalone_v3_01_a/src/microblaze_interrupts_g.d" -MT"libsrc/standalone_v3_01_a/src/microblaze_interrupts_g.d" -o"libsrc/standalone_v3_01_a/src/microblaze_interrupts_g.o" "../libsrc/standalone_v3_01_a/src/microblaze_interrupts_g.c"
Finished building: ../libsrc/standalone_v3_01_a/src/microblaze_interrupts_g.c
' '
Building file: ../libsrc/standalone_v3_01_a/src/microblaze_invalidate_dcache.S
Invoking: MicroBlaze gcc compiler
mb-gcc -Wall -O0 -g3 -c -fmessage-length=0 -IC:/Users/Jeff/Documents/GitHub/System_on_Chip/Project5/newfolder/microblaze_0/include -mxl-barrel-shift -mxl-pattern-compare -mcpu=v8.10.a -mno-xl-soft-mul -MMD -MP -MF"libsrc/standalone_v3_01_a/src/microblaze_invalidate_dcache.d" -MT"libsrc/standalone_v3_01_a/src/microblaze_invalidate_dcache.d" -o"libsrc/standalone_v3_01_a/src/microblaze_invalidate_dcache.o" "../libsrc/standalone_v3_01_a/src/microblaze_invalidate_dcache.S"
Finished building: ../libsrc/standalone_v3_01_a/src/microblaze_invalidate_dcache.S
' '
Building file: ../libsrc/standalone_v3_01_a/src/microblaze_invalidate_dcache_range.S
Invoking: MicroBlaze gcc compiler
mb-gcc -Wall -O0 -g3 -c -fmessage-length=0 -IC:/Users/Jeff/Documents/GitHub/System_on_Chip/Project5/newfolder/microblaze_0/include -mxl-barrel-shift -mxl-pattern-compare -mcpu=v8.10.a -mno-xl-soft-mul -MMD -MP -MF"libsrc/standalone_v3_01_a/src/microblaze_invalidate_dcache_range.d" -MT"libsrc/standalone_v3_01_a/src/microblaze_invalidate_dcache_range.d" -o"libsrc/standalone_v3_01_a/src/microblaze_invalidate_dcache_range.o" "../libsrc/standalone_v3_01_a/src/microblaze_invalidate_dcache_range.S"
Finished building: ../libsrc/standalone_v3_01_a/src/microblaze_invalidate_dcache_range.S
' '
Building file: ../libsrc/standalone_v3_01_a/src/microblaze_invalidate_icache.S
Invoking: MicroBlaze gcc compiler
mb-gcc -Wall -O0 -g3 -c -fmessage-length=0 -IC:/Users/Jeff/Documents/GitHub/System_on_Chip/Project5/newfolder/microblaze_0/include -mxl-barrel-shift -mxl-pattern-compare -mcpu=v8.10.a -mno-xl-soft-mul -MMD -MP -MF"libsrc/standalone_v3_01_a/src/microblaze_invalidate_icache.d" -MT"libsrc/standalone_v3_01_a/src/microblaze_invalidate_icache.d" -o"libsrc/standalone_v3_01_a/src/microblaze_invalidate_icache.o" "../libsrc/standalone_v3_01_a/src/microblaze_invalidate_icache.S"
Finished building: ../libsrc/standalone_v3_01_a/src/microblaze_invalidate_icache.S
' '
Building file: ../libsrc/standalone_v3_01_a/src/microblaze_invalidate_icache_range.S
Invoking: MicroBlaze gcc compiler
mb-gcc -Wall -O0 -g3 -c -fmessage-length=0 -IC:/Users/Jeff/Documents/GitHub/System_on_Chip/Project5/newfolder/microblaze_0/include -mxl-barrel-shift -mxl-pattern-compare -mcpu=v8.10.a -mno-xl-soft-mul -MMD -MP -MF"libsrc/standalone_v3_01_a/src/microblaze_invalidate_icache_range.d" -MT"libsrc/standalone_v3_01_a/src/microblaze_invalidate_icache_range.d" -o"libsrc/standalone_v3_01_a/src/microblaze_invalidate_icache_range.o" "../libsrc/standalone_v3_01_a/src/microblaze_invalidate_icache_range.S"
Finished building: ../libsrc/standalone_v3_01_a/src/microblaze_invalidate_icache_range.S
' '
Building file: ../libsrc/standalone_v3_01_a/src/microblaze_scrub.S
Invoking: MicroBlaze gcc compiler
mb-gcc -Wall -O0 -g3 -c -fmessage-length=0 -IC:/Users/Jeff/Documents/GitHub/System_on_Chip/Project5/newfolder/microblaze_0/include -mxl-barrel-shift -mxl-pattern-compare -mcpu=v8.10.a -mno-xl-soft-mul -MMD -MP -MF"libsrc/standalone_v3_01_a/src/microblaze_scrub.d" -MT"libsrc/standalone_v3_01_a/src/microblaze_scrub.d" -o"libsrc/standalone_v3_01_a/src/microblaze_scrub.o" "../libsrc/standalone_v3_01_a/src/microblaze_scrub.S"
Finished building: ../libsrc/standalone_v3_01_a/src/microblaze_scrub.S
' '
Building file: ../libsrc/standalone_v3_01_a/src/microblaze_update_dcache.S
Invoking: MicroBlaze gcc compiler
mb-gcc -Wall -O0 -g3 -c -fmessage-length=0 -IC:/Users/Jeff/Documents/GitHub/System_on_Chip/Project5/newfolder/microblaze_0/include -mxl-barrel-shift -mxl-pattern-compare -mcpu=v8.10.a -mno-xl-soft-mul -MMD -MP -MF"libsrc/standalone_v3_01_a/src/microblaze_update_dcache.d" -MT"libsrc/standalone_v3_01_a/src/microblaze_update_dcache.d" -o"libsrc/standalone_v3_01_a/src/microblaze_update_dcache.o" "../libsrc/standalone_v3_01_a/src/microblaze_update_dcache.S"
Finished building: ../libsrc/standalone_v3_01_a/src/microblaze_update_dcache.S
' '
Building file: ../libsrc/standalone_v3_01_a/src/microblaze_update_icache.S
Invoking: MicroBlaze gcc compiler
mb-gcc -Wall -O0 -g3 -c -fmessage-length=0 -IC:/Users/Jeff/Documents/GitHub/System_on_Chip/Project5/newfolder/microblaze_0/include -mxl-barrel-shift -mxl-pattern-compare -mcpu=v8.10.a -mno-xl-soft-mul -MMD -MP -MF"libsrc/standalone_v3_01_a/src/microblaze_update_icache.d" -MT"libsrc/standalone_v3_01_a/src/microblaze_update_icache.d" -o"libsrc/standalone_v3_01_a/src/microblaze_update_icache.o" "../libsrc/standalone_v3_01_a/src/microblaze_update_icache.S"
Finished building: ../libsrc/standalone_v3_01_a/src/microblaze_update_icache.S
' '
Building file: ../libsrc/standalone_v3_01_a/src/outbyte.c
Invoking: MicroBlaze gcc compiler
mb-gcc -Wall -O0 -g3 -c -fmessage-length=0 -IC:/Users/Jeff/Documents/GitHub/System_on_Chip/Project5/newfolder/microblaze_0/include -mxl-barrel-shift -mxl-pattern-compare -mcpu=v8.10.a -mno-xl-soft-mul -MMD -MP -MF"libsrc/standalone_v3_01_a/src/outbyte.d" -MT"libsrc/standalone_v3_01_a/src/outbyte.d" -o"libsrc/standalone_v3_01_a/src/outbyte.o" "../libsrc/standalone_v3_01_a/src/outbyte.c"
Finished building: ../libsrc/standalone_v3_01_a/src/outbyte.c
' '
Building file: ../libsrc/standalone_v3_01_a/src/pvr.c
Invoking: MicroBlaze gcc compiler
mb-gcc -Wall -O0 -g3 -c -fmessage-length=0 -IC:/Users/Jeff/Documents/GitHub/System_on_Chip/Project5/newfolder/microblaze_0/include -mxl-barrel-shift -mxl-pattern-compare -mcpu=v8.10.a -mno-xl-soft-mul -MMD -MP -MF"libsrc/standalone_v3_01_a/src/pvr.d" -MT"libsrc/standalone_v3_01_a/src/pvr.d" -o"libsrc/standalone_v3_01_a/src/pvr.o" "../libsrc/standalone_v3_01_a/src/pvr.c"
Finished building: ../libsrc/standalone_v3_01_a/src/pvr.c
' '
Building file: ../libsrc/standalone_v3_01_a/src/xil_assert.c
Invoking: MicroBlaze gcc compiler
mb-gcc -Wall -O0 -g3 -c -fmessage-length=0 -IC:/Users/Jeff/Documents/GitHub/System_on_Chip/Project5/newfolder/microblaze_0/include -mxl-barrel-shift -mxl-pattern-compare -mcpu=v8.10.a -mno-xl-soft-mul -MMD -MP -MF"libsrc/standalone_v3_01_a/src/xil_assert.d" -MT"libsrc/standalone_v3_01_a/src/xil_assert.d" -o"libsrc/standalone_v3_01_a/src/xil_assert.o" "../libsrc/standalone_v3_01_a/src/xil_assert.c"
Finished building: ../libsrc/standalone_v3_01_a/src/xil_assert.c
' '
Building file: ../libsrc/standalone_v3_01_a/src/xil_cache.c
Invoking: MicroBlaze gcc compiler
mb-gcc -Wall -O0 -g3 -c -fmessage-length=0 -IC:/Users/Jeff/Documents/GitHub/System_on_Chip/Project5/newfolder/microblaze_0/include -mxl-barrel-shift -mxl-pattern-compare -mcpu=v8.10.a -mno-xl-soft-mul -MMD -MP -MF"libsrc/standalone_v3_01_a/src/xil_cache.d" -MT"libsrc/standalone_v3_01_a/src/xil_cache.d" -o"libsrc/standalone_v3_01_a/src/xil_cache.o" "../libsrc/standalone_v3_01_a/src/xil_cache.c"
Finished building: ../libsrc/standalone_v3_01_a/src/xil_cache.c
' '
Building file: ../libsrc/standalone_v3_01_a/src/xil_exception.c
Invoking: MicroBlaze gcc compiler
mb-gcc -Wall -O0 -g3 -c -fmessage-length=0 -IC:/Users/Jeff/Documents/GitHub/System_on_Chip/Project5/newfolder/microblaze_0/include -mxl-barrel-shift -mxl-pattern-compare -mcpu=v8.10.a -mno-xl-soft-mul -MMD -MP -MF"libsrc/standalone_v3_01_a/src/xil_exception.d" -MT"libsrc/standalone_v3_01_a/src/xil_exception.d" -o"libsrc/standalone_v3_01_a/src/xil_exception.o" "../libsrc/standalone_v3_01_a/src/xil_exception.c"
Finished building: ../libsrc/standalone_v3_01_a/src/xil_exception.c
' '
Building file: ../libsrc/standalone_v3_01_a/src/xil_io.c
Invoking: MicroBlaze gcc compiler
mb-gcc -Wall -O0 -g3 -c -fmessage-length=0 -IC:/Users/Jeff/Documents/GitHub/System_on_Chip/Project5/newfolder/microblaze_0/include -mxl-barrel-shift -mxl-pattern-compare -mcpu=v8.10.a -mno-xl-soft-mul -MMD -MP -MF"libsrc/standalone_v3_01_a/src/xil_io.d" -MT"libsrc/standalone_v3_01_a/src/xil_io.d" -o"libsrc/standalone_v3_01_a/src/xil_io.o" "../libsrc/standalone_v3_01_a/src/xil_io.c"
Finished building: ../libsrc/standalone_v3_01_a/src/xil_io.c
' '
Building file: ../libsrc/standalone_v3_01_a/src/xil_testcache.c
Invoking: MicroBlaze gcc compiler
mb-gcc -Wall -O0 -g3 -c -fmessage-length=0 -IC:/Users/Jeff/Documents/GitHub/System_on_Chip/Project5/newfolder/microblaze_0/include -mxl-barrel-shift -mxl-pattern-compare -mcpu=v8.10.a -mno-xl-soft-mul -MMD -MP -MF"libsrc/standalone_v3_01_a/src/xil_testcache.d" -MT"libsrc/standalone_v3_01_a/src/xil_testcache.d" -o"libsrc/standalone_v3_01_a/src/xil_testcache.o" "../libsrc/standalone_v3_01_a/src/xil_testcache.c"
Finished building: ../libsrc/standalone_v3_01_a/src/xil_testcache.c
' '
Building file: ../libsrc/standalone_v3_01_a/src/xil_testio.c
Invoking: MicroBlaze gcc compiler
mb-gcc -Wall -O0 -g3 -c -fmessage-length=0 -IC:/Users/Jeff/Documents/GitHub/System_on_Chip/Project5/newfolder/microblaze_0/include -mxl-barrel-shift -mxl-pattern-compare -mcpu=v8.10.a -mno-xl-soft-mul -MMD -MP -MF"libsrc/standalone_v3_01_a/src/xil_testio.d" -MT"libsrc/standalone_v3_01_a/src/xil_testio.d" -o"libsrc/standalone_v3_01_a/src/xil_testio.o" "../libsrc/standalone_v3_01_a/src/xil_testio.c"
Finished building: ../libsrc/standalone_v3_01_a/src/xil_testio.c
' '
Building file: ../libsrc/standalone_v3_01_a/src/xil_testmem.c
Invoking: MicroBlaze gcc compiler
mb-gcc -Wall -O0 -g3 -c -fmessage-length=0 -IC:/Users/Jeff/Documents/GitHub/System_on_Chip/Project5/newfolder/microblaze_0/include -mxl-barrel-shift -mxl-pattern-compare -mcpu=v8.10.a -mno-xl-soft-mul -MMD -MP -MF"libsrc/standalone_v3_01_a/src/xil_testmem.d" -MT"libsrc/standalone_v3_01_a/src/xil_testmem.d" -o"libsrc/standalone_v3_01_a/src/xil_testmem.o" "../libsrc/standalone_v3_01_a/src/xil_testmem.c"
Finished building: ../libsrc/standalone_v3_01_a/src/xil_testmem.c
' '
Building file: ../libsrc/standalone_v3_01_a/src/profile/_profile_clean.c
Invoking: MicroBlaze gcc compiler
mb-gcc -Wall -O0 -g3 -c -fmessage-length=0 -IC:/Users/Jeff/Documents/GitHub/System_on_Chip/Project5/newfolder/microblaze_0/include -mxl-barrel-shift -mxl-pattern-compare -mcpu=v8.10.a -mno-xl-soft-mul -MMD -MP -MF"libsrc/standalone_v3_01_a/src/profile/_profile_clean.d" -MT"libsrc/standalone_v3_01_a/src/profile/_profile_clean.d" -o"libsrc/standalone_v3_01_a/src/profile/_profile_clean.o" "../libsrc/standalone_v3_01_a/src/profile/_profile_clean.c"
In file included from ../libsrc/standalone_v3_01_a/src/profile/_profile_clean.c:21:
../libsrc/standalone_v3_01_a/src/profile/_profile_timer_hw.h:75:21: error: xintc_l.h: No such file or directory
../libsrc/standalone_v3_01_a/src/profile/_profile_timer_hw.h:76:19: error: xintc.h: No such file or directory
../libsrc/standalone_v3_01_a/src/profile/_profile_clean.c: In function '_profile_clean':
../libsrc/standalone_v3_01_a/src/profile/_profile_clean.c:29: warning: implicit declaration of function 'disable_timer'
make: *** [libsrc/standalone_v3_01_a/src/profile/_profile_clean.o] Error 1
