Xilinx Platform Studio (XPS)
Xilinx EDK 13.1 Build EDK_O.40d
Copyright (c) 1995-2010 Xilinx, Inc.  All rights reserved.


********************************************************************************
At Local date and time: Mon Nov 09 13:01:22 2015
 make -f Project5.make exporttosdk started...
make: Nothing to be done for `exporttosdk'.
Done!

********************************************************************************
At Local date and time: Mon Nov 09 13:01:24 2015
 xsdk.exe -hwspec E:\SoC\Project5\SDK\SDK_Export\hw\Project5.xml started...
Xilinx Software Development Kit
Xilinx EDK 13.1 Build EDK_O.40d
Copyright (c) 1995-2010 Xilinx, Inc.  All rights reserved.
Done!

********************************************************************************
At Local date and time: Mon Nov 09 13:11:31 2015
 make -f Project5.make exporttosdk started...
make: Nothing to be done for `exporttosdk'.
Done!

********************************************************************************
At Local date and time: Mon Nov 09 13:11:32 2015
 xsdk.exe -hwspec E:\SoC\Project5\SDK\SDK_Export\hw\Project5.xml started...
Xilinx Software Development Kit
Xilinx EDK 13.1 Build EDK_O.40d
Copyright (c) 1995-2010 Xilinx, Inc.  All rights reserved.
Done!

********************************************************************************
At Local date and time: Mon Nov 09 13:17:32 2015
 make -f Project5.make exporttosdk started...
make: Nothing to be done for `exporttosdk'.
Done!

********************************************************************************
At Local date and time: Mon Nov 09 13:17:33 2015
 xsdk.exe -hwspec E:\SoC\Project5\SDK\SDK_Export\hw\Project5.xml started...
Xilinx Software Development Kit
Xilinx EDK 13.1 Build EDK_O.40d
Copyright (c) 1995-2010 Xilinx, Inc.  All rights reserved.
Done!
Writing filter settings....
Done writing filter settings to:
	E:\SoC\Project5\etc\Project5.filters
Done writing Tab View settings to:
	E:\SoC\Project5\etc\Project5.gui
