Generated Block Diagram.
Rasterizing microblaze_0.jpg.....
Rasterizing mb_plb.jpg.....
Rasterizing ilmb.jpg.....
Rasterizing dlmb.jpg.....
Rasterizing dlmb_cntlr.jpg.....
Rasterizing ilmb_cntlr.jpg.....
Rasterizing lmb_bram.jpg.....
Rasterizing Buttons_3Bit.jpg.....
Rasterizing Character_LCD_2x16.jpg.....
Rasterizing DDR_SDRAM.jpg.....
Rasterizing DIP_Switches_4Bit.jpg.....
Rasterizing Ethernet_MAC.jpg.....
Rasterizing FLASH.jpg.....
Rasterizing LEDs_1Bit.jpg.....
Rasterizing LEDs_6Bit.jpg.....
Rasterizing RS232_DCE.jpg.....
Rasterizing RS232_DTE.jpg.....
Rasterizing Rotary_Encoder.jpg.....
Rasterizing xps_timer_0.jpg.....
Rasterizing clock_generator_0.jpg.....
Rasterizing mdm_0.jpg.....
Rasterizing proc_sys_reset_0.jpg.....
Rasterizing graphics_ip_0.jpg.....
Rasterizing controller_0.jpg.....
Rasterizing Project5_blkd.jpg.....
Report generated.
Report generation completed.
