C:\Users\jfalb1\Desktop\implementation\Project4.ngc 1444419030
C:/Users/jfalb1/Desktop/implementation/microblaze_0_wrapper.ngc 1444418962
C:/Users/jfalb1/Desktop/implementation/mb_plb_wrapper.ngc 1444418962
C:/Users/jfalb1/Desktop/implementation/ilmb_wrapper.ngc 1444418962
C:/Users/jfalb1/Desktop/implementation/dlmb_wrapper.ngc 1444418962
C:/Users/jfalb1/Desktop/implementation/dlmb_cntlr_wrapper.ngc 1444418974
C:/Users/jfalb1/Desktop/implementation/ilmb_cntlr_wrapper.ngc 1444418979
C:/Users/jfalb1/Desktop/implementation/lmb_bram_wrapper.ngc 1444418984
C:/Users/jfalb1/Desktop/implementation/rs232_dte_wrapper.ngc 1444418962
C:/Users/jfalb1/Desktop/implementation/rs232_dce_wrapper.ngc 1444418962
C:/Users/jfalb1/Desktop/implementation/leds_6bit_wrapper.ngc 1444418962
C:/Users/jfalb1/Desktop/implementation/leds_1bit_wrapper.ngc 1444418962
C:/Users/jfalb1/Desktop/implementation/dip_switches_4bit_wrapper.ngc 1444418962
C:/Users/jfalb1/Desktop/implementation/buttons_3bit_wrapper.ngc 1444418962
C:/Users/jfalb1/Desktop/implementation/character_lcd_2x16_wrapper.ngc 1444418962
C:/Users/jfalb1/Desktop/implementation/rotary_encoder_wrapper.ngc 1444418962
C:/Users/jfalb1/Desktop/implementation/flash_wrapper.ngc 1444418962
C:/Users/jfalb1/Desktop/implementation/ddr_sdram_wrapper.ngc 1444418962
C:/Users/jfalb1/Desktop/implementation/ethernet_mac_wrapper.ngc 1444418962
C:/Users/jfalb1/Desktop/implementation/xps_timer_0_wrapper.ngc 1444418962
C:/Users/jfalb1/Desktop/implementation/clock_generator_0_wrapper.ngc 1444418990
C:/Users/jfalb1/Desktop/implementation/mdm_0_wrapper.ngc 1444418962
C:/Users/jfalb1/Desktop/implementation/proc_sys_reset_0_wrapper.ngc 1444418962
OK
