--------------------------------------------------------------------------------
Release 13.1 Trace  (nt)
Copyright (c) 1995-2011 Xilinx, Inc.  All rights reserved.

C:\Xilinx\13.1\ISE_DS\ISE\bin\nt\unwrapped\trce.exe -e 3 -xml Project4.twx
Project4.ncd Project4.pcf

Design file:              Project4.ncd
Physical constraint file: Project4.pcf
Device,package,speed:     xc3s1600e,fg320,-4 (PRODUCTION 1.27 2011-02-03)
Report level:             error report

Environment Variable      Effect 
--------------------      ------ 
NONE                      No environment variables were set
--------------------------------------------------------------------------------

INFO:Timing:2802 - Read 104 constraints.  If you are experiencing memory or 
   runtime issues it may help to consolidate some of these constraints.  For 
   more details please do a search for "timing:2802" at 
   http://www.xilinx.com/support.
INFO:Timing:2752 - To get complete path coverage, use the unconstrained paths 
   option. All paths that are not constrained will be reported in the 
   unconstrained paths section(s) of the report.
INFO:Timing:3339 - The clock-to-out numbers in this timing report are based on 
   a 50 Ohm transmission line loading model.  For the details of this model, 
   and for more information on accounting for different loading conditions, 
   please see the device datasheet.
INFO:Timing:3390 - This architecture does not support a default System Jitter 
   value, please add SYSTEM_JITTER constraint to the UCF to modify the Clock 
   Uncertainty calculation.
INFO:Timing:3389 - This architecture does not support 'Discrete Jitter' and 
   'Phase Error' calculations, these terms will be zero in the Clock 
   Uncertainty calculation.  Please make appropriate modification to 
   SYSTEM_JITTER to account for the unsupported Discrete Jitter and Phase 
   Error.

================================================================================
Timing constraint: NET "fpga_0_Ethernet_MAC_PHY_tx_clk_pin_IBUF" MAXSKEW = 5 
ns;

 1 net analyzed, 0 failing nets detected.
 0 timing errors detected.
 Maximum net skew is   2.960ns.
--------------------------------------------------------------------------------

================================================================================
Timing constraint: NET "fpga_0_Ethernet_MAC_PHY_tx_clk_pin_IBUF" PERIOD = 40 ns 
HIGH 14 ns;

 131 paths analyzed, 67 endpoints analyzed, 0 failing endpoints
 0 timing errors detected. (0 setup errors, 0 hold errors, 0 component switching limit errors)
 Minimum period is   9.196ns.
--------------------------------------------------------------------------------

================================================================================
Timing constraint: NET "fpga_0_Ethernet_MAC_PHY_rx_clk_pin_IBUF" MAXSKEW = 5 
ns;

 1 net analyzed, 0 failing nets detected.
 0 timing errors detected.
 Maximum net skew is   1.731ns.
--------------------------------------------------------------------------------

================================================================================
Timing constraint: NET "fpga_0_Ethernet_MAC_PHY_rx_clk_pin_IBUF" PERIOD = 40 ns 
HIGH 14 ns;

 135 paths analyzed, 122 endpoints analyzed, 0 failing endpoints
 0 timing errors detected. (0 setup errors, 0 hold errors, 0 component switching limit errors)
 Minimum period is  19.651ns.
--------------------------------------------------------------------------------

================================================================================
Timing constraint: NET         
"DDR_SDRAM/DDR_SDRAM/mpmc_core_0/gen_s3_ddr_phy.mpmc_phy_if_0/data_path/
data_read_controller/rst_dqs_div"         MAXDELAY = 2 ns;

 1 net analyzed, 0 failing nets detected.
 0 timing errors detected.
 Maximum net delay is   1.382ns.
--------------------------------------------------------------------------------

================================================================================
Timing constraint: NET         
"DDR_SDRAM/DDR_SDRAM/mpmc_core_0/gen_s3_ddr_phy.mpmc_phy_if_0/data_path/
fifo_0_wr_en<0>"         MAXDELAY = 2 ns;

 1 net analyzed, 0 failing nets detected.
 0 timing errors detected.
 Maximum net delay is   1.268ns.
--------------------------------------------------------------------------------

================================================================================
Timing constraint: NET         
"DDR_SDRAM/DDR_SDRAM/mpmc_core_0/gen_s3_ddr_phy.mpmc_phy_if_0/data_path/
fifo_0_wr_en<1>"         MAXDELAY = 2 ns;

 1 net analyzed, 0 failing nets detected.
 0 timing errors detected.
 Maximum net delay is   1.564ns.
--------------------------------------------------------------------------------

================================================================================
Timing constraint: NET         
"DDR_SDRAM/DDR_SDRAM/mpmc_core_0/gen_s3_ddr_phy.mpmc_phy_if_0/data_path/
fifo_1_wr_en<0>"         MAXDELAY = 2 ns;

 1 net analyzed, 0 failing nets detected.
 0 timing errors detected.
 Maximum net delay is   1.491ns.
--------------------------------------------------------------------------------

================================================================================
Timing constraint: NET         
"DDR_SDRAM/DDR_SDRAM/mpmc_core_0/gen_s3_ddr_phy.mpmc_phy_if_0/data_path/
fifo_1_wr_en<1>"         MAXDELAY = 2 ns;

 1 net analyzed, 0 failing nets detected.
 0 timing errors detected.
 Maximum net delay is   1.942ns.
--------------------------------------------------------------------------------

================================================================================
Timing constraint: NET         
"DDR_SDRAM/DDR_SDRAM/mpmc_core_0/gen_s3_ddr_phy.mpmc_phy_if_0/data_path/
data_read/fifo_0_wr_addr_out<0><0>"         MAXDELAY = 2.5 ns;

 1 net analyzed, 0 failing nets detected.
 0 timing errors detected.
 Maximum net delay is   1.712ns.
--------------------------------------------------------------------------------

================================================================================
Timing constraint: NET         
"DDR_SDRAM/DDR_SDRAM/mpmc_core_0/gen_s3_ddr_phy.mpmc_phy_if_0/data_path/
data_read/fifo_0_wr_addr_out<0><2>"         MAXDELAY = 2.5 ns;

 1 net analyzed, 0 failing nets detected.
 0 timing errors detected.
 Maximum net delay is   1.742ns.
--------------------------------------------------------------------------------

================================================================================
Timing constraint: NET         
"DDR_SDRAM/DDR_SDRAM/mpmc_core_0/gen_s3_ddr_phy.mpmc_phy_if_0/data_path/
data_read/fifo_0_wr_addr_out<0><3>"         MAXDELAY = 2.5 ns;

 1 net analyzed, 0 failing nets detected.
 0 timing errors detected.
 Maximum net delay is   2.095ns.
--------------------------------------------------------------------------------

================================================================================
Timing constraint: NET         
"DDR_SDRAM/DDR_SDRAM/mpmc_core_0/gen_s3_ddr_phy.mpmc_phy_if_0/data_path/
data_read/fifo_0_wr_addr_out<0><1>"         MAXDELAY = 2.5 ns;

 1 net analyzed, 0 failing nets detected.
 0 timing errors detected.
 Maximum net delay is   1.827ns.
--------------------------------------------------------------------------------

================================================================================
Timing constraint: NET         
"DDR_SDRAM/DDR_SDRAM/mpmc_core_0/gen_s3_ddr_phy.mpmc_phy_if_0/data_path/
data_read/fifo_1_wr_addr_out<0><0>"         MAXDELAY = 2.5 ns;

 1 net analyzed, 0 failing nets detected.
 0 timing errors detected.
 Maximum net delay is   1.316ns.
--------------------------------------------------------------------------------

================================================================================
Timing constraint: NET         
"DDR_SDRAM/DDR_SDRAM/mpmc_core_0/gen_s3_ddr_phy.mpmc_phy_if_0/data_path/
data_read/fifo_1_wr_addr_out<0><2>"         MAXDELAY = 2.5 ns;

 1 net analyzed, 0 failing nets detected.
 0 timing errors detected.
 Maximum net delay is   1.811ns.
--------------------------------------------------------------------------------

================================================================================
Timing constraint: NET         
"DDR_SDRAM/DDR_SDRAM/mpmc_core_0/gen_s3_ddr_phy.mpmc_phy_if_0/data_path/
data_read/fifo_1_wr_addr_out<0><3>"         MAXDELAY = 2.5 ns;

 1 net analyzed, 0 failing nets detected.
 0 timing errors detected.
 Maximum net delay is   1.497ns.
--------------------------------------------------------------------------------

================================================================================
Timing constraint: NET         
"DDR_SDRAM/DDR_SDRAM/mpmc_core_0/gen_s3_ddr_phy.mpmc_phy_if_0/data_path/
data_read/fifo_1_wr_addr_out<0><1>"         MAXDELAY = 2.5 ns;

 1 net analyzed, 0 failing nets detected.
 0 timing errors detected.
 Maximum net delay is   2.219ns.
--------------------------------------------------------------------------------

================================================================================
Timing constraint: NET         
"DDR_SDRAM/DDR_SDRAM/mpmc_core_0/gen_s3_ddr_phy.mpmc_phy_if_0/data_path/
data_read/fifo_0_wr_addr_out<1><0>"         MAXDELAY = 2.5 ns;

 1 net analyzed, 0 failing nets detected.
 0 timing errors detected.
 Maximum net delay is   2.034ns.
--------------------------------------------------------------------------------

================================================================================
Timing constraint: NET         
"DDR_SDRAM/DDR_SDRAM/mpmc_core_0/gen_s3_ddr_phy.mpmc_phy_if_0/data_path/
data_read/fifo_0_wr_addr_out<1><2>"         MAXDELAY = 2.5 ns;

 1 net analyzed, 0 failing nets detected.
 0 timing errors detected.
 Maximum net delay is   1.910ns.
--------------------------------------------------------------------------------

================================================================================
Timing constraint: NET         
"DDR_SDRAM/DDR_SDRAM/mpmc_core_0/gen_s3_ddr_phy.mpmc_phy_if_0/data_path/
data_read/fifo_0_wr_addr_out<1><3>"         MAXDELAY = 2.5 ns;

 1 net analyzed, 0 failing nets detected.
 0 timing errors detected.
 Maximum net delay is   1.950ns.
--------------------------------------------------------------------------------

================================================================================
Timing constraint: NET         
"DDR_SDRAM/DDR_SDRAM/mpmc_core_0/gen_s3_ddr_phy.mpmc_phy_if_0/data_path/
data_read/fifo_0_wr_addr_out<1><1>"         MAXDELAY = 2.5 ns;

 1 net analyzed, 0 failing nets detected.
 0 timing errors detected.
 Maximum net delay is   2.336ns.
--------------------------------------------------------------------------------

================================================================================
Timing constraint: NET         
"DDR_SDRAM/DDR_SDRAM/mpmc_core_0/gen_s3_ddr_phy.mpmc_phy_if_0/data_path/
data_read/fifo_1_wr_addr_out<1><0>"         MAXDELAY = 2.5 ns;

 1 net analyzed, 0 failing nets detected.
 0 timing errors detected.
 Maximum net delay is   2.076ns.
--------------------------------------------------------------------------------

================================================================================
Timing constraint: NET         
"DDR_SDRAM/DDR_SDRAM/mpmc_core_0/gen_s3_ddr_phy.mpmc_phy_if_0/data_path/
data_read/fifo_1_wr_addr_out<1><2>"         MAXDELAY = 2.5 ns;

 1 net analyzed, 0 failing nets detected.
 0 timing errors detected.
 Maximum net delay is   2.054ns.
--------------------------------------------------------------------------------

================================================================================
Timing constraint: NET         
"DDR_SDRAM/DDR_SDRAM/mpmc_core_0/gen_s3_ddr_phy.mpmc_phy_if_0/data_path/
data_read/fifo_1_wr_addr_out<1><3>"         MAXDELAY = 2.5 ns;

 1 net analyzed, 0 failing nets detected.
 0 timing errors detected.
 Maximum net delay is   1.989ns.
--------------------------------------------------------------------------------

================================================================================
Timing constraint: NET         
"DDR_SDRAM/DDR_SDRAM/mpmc_core_0/gen_s3_ddr_phy.mpmc_phy_if_0/data_path/
data_read/fifo_1_wr_addr_out<1><1>"         MAXDELAY = 2.5 ns;

 1 net analyzed, 0 failing nets detected.
 0 timing errors detected.
 Maximum net delay is   2.077ns.
--------------------------------------------------------------------------------

================================================================================
Timing constraint: NET 
"DDR_SDRAM/DDR_SDRAM/mpmc_core_0/gen_s3_ddr_phy.mpmc_phy_if_0/dqs_div_rst"      
   MAXDELAY = 4.5 ns;

 1 net analyzed, 0 failing nets detected.
 0 timing errors detected.
 Maximum net delay is   4.004ns.
--------------------------------------------------------------------------------

================================================================================
Timing constraint: NET 
"DDR_SDRAM/DDR_SDRAM/mpmc_core_0/gen_s3_ddr_phy.mpmc_phy_if_0/dq<8>"         
MAXDELAY = 0.48 ns;

 1 net analyzed, 0 failing nets detected.
 0 timing errors detected.
 Maximum net delay is   0.418ns.
--------------------------------------------------------------------------------

================================================================================
Timing constraint: NET         
"DDR_SDRAM/DDR_SDRAM/mpmc_core_0/gen_s3_ddr_phy.mpmc_phy_if_0/data_path/
dqs_delayed_col1<1>"         MAXDELAY = 2 ns;

 1 net analyzed, 0 failing nets detected.
 0 timing errors detected.
 Maximum net delay is   1.928ns.
--------------------------------------------------------------------------------

================================================================================
Timing constraint: NET         
"DDR_SDRAM/DDR_SDRAM/mpmc_core_0/gen_s3_ddr_phy.mpmc_phy_if_0/data_path/
data_read/fifo_0_data_out<8>"         MAXDELAY = 2 ns;

 1 net analyzed, 0 failing nets detected.
 0 timing errors detected.
 Maximum net delay is   0.647ns.
--------------------------------------------------------------------------------

================================================================================
Timing constraint: NET 
"DDR_SDRAM/DDR_SDRAM/mpmc_core_0/gen_s3_ddr_phy.mpmc_phy_if_0/dq<9>"         
MAXDELAY = 0.48 ns;

 1 net analyzed, 0 failing nets detected.
 0 timing errors detected.
 Maximum net delay is   0.469ns.
--------------------------------------------------------------------------------

================================================================================
Timing constraint: NET         
"DDR_SDRAM/DDR_SDRAM/mpmc_core_0/gen_s3_ddr_phy.mpmc_phy_if_0/data_path/
dqs_delayed_col0<1>"         MAXDELAY = 2 ns;

 1 net analyzed, 0 failing nets detected.
 0 timing errors detected.
 Maximum net delay is   1.927ns.
--------------------------------------------------------------------------------

================================================================================
Timing constraint: NET         
"DDR_SDRAM/DDR_SDRAM/mpmc_core_0/gen_s3_ddr_phy.mpmc_phy_if_0/data_path/
data_read/fifo_0_data_out<9>"         MAXDELAY = 2 ns;

 1 net analyzed, 0 failing nets detected.
 0 timing errors detected.
 Maximum net delay is   0.960ns.
--------------------------------------------------------------------------------

================================================================================
Timing constraint: NET 
"DDR_SDRAM/DDR_SDRAM/mpmc_core_0/gen_s3_ddr_phy.mpmc_phy_if_0/dq<10>"         
MAXDELAY = 0.48 ns;

 1 net analyzed, 0 failing nets detected.
 0 timing errors detected.
 Maximum net delay is   0.418ns.
--------------------------------------------------------------------------------

================================================================================
Timing constraint: NET         
"DDR_SDRAM/DDR_SDRAM/mpmc_core_0/gen_s3_ddr_phy.mpmc_phy_if_0/data_path/
data_read/fifo_0_data_out<10>"         MAXDELAY = 2 ns;

 1 net analyzed, 0 failing nets detected.
 0 timing errors detected.
 Maximum net delay is   0.405ns.
--------------------------------------------------------------------------------

================================================================================
Timing constraint: NET 
"DDR_SDRAM/DDR_SDRAM/mpmc_core_0/gen_s3_ddr_phy.mpmc_phy_if_0/dq<11>"         
MAXDELAY = 0.48 ns;

 1 net analyzed, 0 failing nets detected.
 0 timing errors detected.
 Maximum net delay is   0.469ns.
--------------------------------------------------------------------------------

================================================================================
Timing constraint: NET         
"DDR_SDRAM/DDR_SDRAM/mpmc_core_0/gen_s3_ddr_phy.mpmc_phy_if_0/data_path/
data_read/fifo_0_data_out<11>"         MAXDELAY = 2 ns;

 1 net analyzed, 0 failing nets detected.
 0 timing errors detected.
 Maximum net delay is   0.704ns.
--------------------------------------------------------------------------------

================================================================================
Timing constraint: NET 
"DDR_SDRAM/DDR_SDRAM/mpmc_core_0/gen_s3_ddr_phy.mpmc_phy_if_0/dq<12>"         
MAXDELAY = 0.48 ns;

 1 net analyzed, 0 failing nets detected.
 0 timing errors detected.
 Maximum net delay is   0.418ns.
--------------------------------------------------------------------------------

================================================================================
Timing constraint: NET         
"DDR_SDRAM/DDR_SDRAM/mpmc_core_0/gen_s3_ddr_phy.mpmc_phy_if_0/data_path/
data_read/fifo_0_data_out<12>"         MAXDELAY = 2 ns;

 1 net analyzed, 0 failing nets detected.
 0 timing errors detected.
 Maximum net delay is   0.907ns.
--------------------------------------------------------------------------------

================================================================================
Timing constraint: NET 
"DDR_SDRAM/DDR_SDRAM/mpmc_core_0/gen_s3_ddr_phy.mpmc_phy_if_0/dq<13>"         
MAXDELAY = 0.48 ns;

 1 net analyzed, 0 failing nets detected.
 0 timing errors detected.
 Maximum net delay is   0.469ns.
--------------------------------------------------------------------------------

================================================================================
Timing constraint: NET         
"DDR_SDRAM/DDR_SDRAM/mpmc_core_0/gen_s3_ddr_phy.mpmc_phy_if_0/data_path/
data_read/fifo_0_data_out<13>"         MAXDELAY = 2 ns;

 1 net analyzed, 0 failing nets detected.
 0 timing errors detected.
 Maximum net delay is   0.752ns.
--------------------------------------------------------------------------------

================================================================================
Timing constraint: NET 
"DDR_SDRAM/DDR_SDRAM/mpmc_core_0/gen_s3_ddr_phy.mpmc_phy_if_0/dq<14>"         
MAXDELAY = 0.48 ns;

 1 net analyzed, 0 failing nets detected.
 0 timing errors detected.
 Maximum net delay is   0.418ns.
--------------------------------------------------------------------------------

================================================================================
Timing constraint: NET         
"DDR_SDRAM/DDR_SDRAM/mpmc_core_0/gen_s3_ddr_phy.mpmc_phy_if_0/data_path/
data_read/fifo_0_data_out<14>"         MAXDELAY = 2 ns;

 1 net analyzed, 0 failing nets detected.
 0 timing errors detected.
 Maximum net delay is   1.054ns.
--------------------------------------------------------------------------------

================================================================================
Timing constraint: NET 
"DDR_SDRAM/DDR_SDRAM/mpmc_core_0/gen_s3_ddr_phy.mpmc_phy_if_0/dq<15>"         
MAXDELAY = 0.48 ns;

 1 net analyzed, 0 failing nets detected.
 0 timing errors detected.
 Maximum net delay is   0.469ns.
--------------------------------------------------------------------------------

================================================================================
Timing constraint: NET         
"DDR_SDRAM/DDR_SDRAM/mpmc_core_0/gen_s3_ddr_phy.mpmc_phy_if_0/data_path/
data_read/fifo_0_data_out<15>"         MAXDELAY = 2 ns;

 1 net analyzed, 0 failing nets detected.
 0 timing errors detected.
 Maximum net delay is   0.933ns.
--------------------------------------------------------------------------------

================================================================================
Timing constraint: NET         
"DDR_SDRAM/DDR_SDRAM/mpmc_core_0/gen_s3_ddr_phy.mpmc_phy_if_0/data_path/
data_read/fifo_1_data_out<8>"         MAXDELAY = 2 ns;

 1 net analyzed, 0 failing nets detected.
 0 timing errors detected.
 Maximum net delay is   0.364ns.
--------------------------------------------------------------------------------

================================================================================
Timing constraint: NET         
"DDR_SDRAM/DDR_SDRAM/mpmc_core_0/gen_s3_ddr_phy.mpmc_phy_if_0/data_path/
data_read/fifo_1_data_out<9>"         MAXDELAY = 2 ns;

 1 net analyzed, 0 failing nets detected.
 0 timing errors detected.
 Maximum net delay is   0.956ns.
--------------------------------------------------------------------------------

================================================================================
Timing constraint: NET         
"DDR_SDRAM/DDR_SDRAM/mpmc_core_0/gen_s3_ddr_phy.mpmc_phy_if_0/data_path/
data_read/fifo_1_data_out<10>"         MAXDELAY = 2 ns;

 1 net analyzed, 0 failing nets detected.
 0 timing errors detected.
 Maximum net delay is   0.616ns.
--------------------------------------------------------------------------------

================================================================================
Timing constraint: NET         
"DDR_SDRAM/DDR_SDRAM/mpmc_core_0/gen_s3_ddr_phy.mpmc_phy_if_0/data_path/
data_read/fifo_1_data_out<11>"         MAXDELAY = 2 ns;

 1 net analyzed, 0 failing nets detected.
 0 timing errors detected.
 Maximum net delay is   0.440ns.
--------------------------------------------------------------------------------

================================================================================
Timing constraint: NET         
"DDR_SDRAM/DDR_SDRAM/mpmc_core_0/gen_s3_ddr_phy.mpmc_phy_if_0/data_path/
data_read/fifo_1_data_out<12>"         MAXDELAY = 2 ns;

 1 net analyzed, 0 failing nets detected.
 0 timing errors detected.
 Maximum net delay is   0.433ns.
--------------------------------------------------------------------------------

================================================================================
Timing constraint: NET         
"DDR_SDRAM/DDR_SDRAM/mpmc_core_0/gen_s3_ddr_phy.mpmc_phy_if_0/data_path/
data_read/fifo_1_data_out<13>"         MAXDELAY = 2 ns;

 1 net analyzed, 0 failing nets detected.
 0 timing errors detected.
 Maximum net delay is   0.440ns.
--------------------------------------------------------------------------------

================================================================================
Timing constraint: NET         
"DDR_SDRAM/DDR_SDRAM/mpmc_core_0/gen_s3_ddr_phy.mpmc_phy_if_0/data_path/
data_read/fifo_1_data_out<14>"         MAXDELAY = 2 ns;

 1 net analyzed, 0 failing nets detected.
 0 timing errors detected.
 Maximum net delay is   0.616ns.
--------------------------------------------------------------------------------

================================================================================
Timing constraint: NET         
"DDR_SDRAM/DDR_SDRAM/mpmc_core_0/gen_s3_ddr_phy.mpmc_phy_if_0/data_path/
data_read/fifo_1_data_out<15>"         MAXDELAY = 2 ns;

 1 net analyzed, 0 failing nets detected.
 0 timing errors detected.
 Maximum net delay is   0.406ns.
--------------------------------------------------------------------------------

================================================================================
Timing constraint: NET 
"DDR_SDRAM/DDR_SDRAM/mpmc_core_0/gen_s3_ddr_phy.mpmc_phy_if_0/dq<0>"         
MAXDELAY = 0.48 ns;

 1 net analyzed, 0 failing nets detected.
 0 timing errors detected.
 Maximum net delay is   0.469ns.
--------------------------------------------------------------------------------

================================================================================
Timing constraint: NET         
"DDR_SDRAM/DDR_SDRAM/mpmc_core_0/gen_s3_ddr_phy.mpmc_phy_if_0/data_path/
dqs_delayed_col0<0>"         MAXDELAY = 2 ns;

 1 net analyzed, 0 failing nets detected.
 0 timing errors detected.
 Maximum net delay is   0.367ns.
--------------------------------------------------------------------------------

================================================================================
Timing constraint: NET         
"DDR_SDRAM/DDR_SDRAM/mpmc_core_0/gen_s3_ddr_phy.mpmc_phy_if_0/data_path/
data_read/fifo_0_data_out<0>"         MAXDELAY = 2 ns;

 1 net analyzed, 0 failing nets detected.
 0 timing errors detected.
 Maximum net delay is   1.524ns.
--------------------------------------------------------------------------------

================================================================================
Timing constraint: NET 
"DDR_SDRAM/DDR_SDRAM/mpmc_core_0/gen_s3_ddr_phy.mpmc_phy_if_0/dq<1>"         
MAXDELAY = 0.48 ns;

 1 net analyzed, 0 failing nets detected.
 0 timing errors detected.
 Maximum net delay is   0.418ns.
--------------------------------------------------------------------------------

================================================================================
Timing constraint: NET         
"DDR_SDRAM/DDR_SDRAM/mpmc_core_0/gen_s3_ddr_phy.mpmc_phy_if_0/data_path/
dqs_delayed_col1<0>"         MAXDELAY = 2 ns;

 1 net analyzed, 0 failing nets detected.
 0 timing errors detected.
 Maximum net delay is   0.367ns.
--------------------------------------------------------------------------------

================================================================================
Timing constraint: NET         
"DDR_SDRAM/DDR_SDRAM/mpmc_core_0/gen_s3_ddr_phy.mpmc_phy_if_0/data_path/
data_read/fifo_0_data_out<1>"         MAXDELAY = 2 ns;

 1 net analyzed, 0 failing nets detected.
 0 timing errors detected.
 Maximum net delay is   1.533ns.
--------------------------------------------------------------------------------

================================================================================
Timing constraint: NET 
"DDR_SDRAM/DDR_SDRAM/mpmc_core_0/gen_s3_ddr_phy.mpmc_phy_if_0/dq<2>"         
MAXDELAY = 0.48 ns;

 1 net analyzed, 0 failing nets detected.
 0 timing errors detected.
 Maximum net delay is   0.418ns.
--------------------------------------------------------------------------------

================================================================================
Timing constraint: NET         
"DDR_SDRAM/DDR_SDRAM/mpmc_core_0/gen_s3_ddr_phy.mpmc_phy_if_0/data_path/
data_read/fifo_0_data_out<2>"         MAXDELAY = 2 ns;

 1 net analyzed, 0 failing nets detected.
 0 timing errors detected.
 Maximum net delay is   1.363ns.
--------------------------------------------------------------------------------

================================================================================
Timing constraint: NET 
"DDR_SDRAM/DDR_SDRAM/mpmc_core_0/gen_s3_ddr_phy.mpmc_phy_if_0/dq<3>"         
MAXDELAY = 0.48 ns;

 1 net analyzed, 0 failing nets detected.
 0 timing errors detected.
 Maximum net delay is   0.469ns.
--------------------------------------------------------------------------------

================================================================================
Timing constraint: NET         
"DDR_SDRAM/DDR_SDRAM/mpmc_core_0/gen_s3_ddr_phy.mpmc_phy_if_0/data_path/
data_read/fifo_0_data_out<3>"         MAXDELAY = 2 ns;

 1 net analyzed, 0 failing nets detected.
 0 timing errors detected.
 Maximum net delay is   1.491ns.
--------------------------------------------------------------------------------

================================================================================
Timing constraint: NET 
"DDR_SDRAM/DDR_SDRAM/mpmc_core_0/gen_s3_ddr_phy.mpmc_phy_if_0/dq<4>"         
MAXDELAY = 0.48 ns;

 1 net analyzed, 0 failing nets detected.
 0 timing errors detected.
 Maximum net delay is   0.469ns.
--------------------------------------------------------------------------------

================================================================================
Timing constraint: NET         
"DDR_SDRAM/DDR_SDRAM/mpmc_core_0/gen_s3_ddr_phy.mpmc_phy_if_0/data_path/
data_read/fifo_0_data_out<4>"         MAXDELAY = 2 ns;

 1 net analyzed, 0 failing nets detected.
 0 timing errors detected.
 Maximum net delay is   0.682ns.
--------------------------------------------------------------------------------

================================================================================
Timing constraint: NET 
"DDR_SDRAM/DDR_SDRAM/mpmc_core_0/gen_s3_ddr_phy.mpmc_phy_if_0/dq<5>"         
MAXDELAY = 0.48 ns;

 1 net analyzed, 0 failing nets detected.
 0 timing errors detected.
 Maximum net delay is   0.418ns.
--------------------------------------------------------------------------------

================================================================================
Timing constraint: NET         
"DDR_SDRAM/DDR_SDRAM/mpmc_core_0/gen_s3_ddr_phy.mpmc_phy_if_0/data_path/
data_read/fifo_0_data_out<5>"         MAXDELAY = 2 ns;

 1 net analyzed, 0 failing nets detected.
 0 timing errors detected.
 Maximum net delay is   1.031ns.
--------------------------------------------------------------------------------

================================================================================
Timing constraint: NET 
"DDR_SDRAM/DDR_SDRAM/mpmc_core_0/gen_s3_ddr_phy.mpmc_phy_if_0/dq<6>"         
MAXDELAY = 0.48 ns;

 1 net analyzed, 0 failing nets detected.
 0 timing errors detected.
 Maximum net delay is   0.418ns.
--------------------------------------------------------------------------------

================================================================================
Timing constraint: NET         
"DDR_SDRAM/DDR_SDRAM/mpmc_core_0/gen_s3_ddr_phy.mpmc_phy_if_0/data_path/
data_read/fifo_0_data_out<6>"         MAXDELAY = 2 ns;

 1 net analyzed, 0 failing nets detected.
 0 timing errors detected.
 Maximum net delay is   0.683ns.
--------------------------------------------------------------------------------

================================================================================
Timing constraint: NET 
"DDR_SDRAM/DDR_SDRAM/mpmc_core_0/gen_s3_ddr_phy.mpmc_phy_if_0/dq<7>"         
MAXDELAY = 0.48 ns;

 1 net analyzed, 0 failing nets detected.
 0 timing errors detected.
 Maximum net delay is   0.469ns.
--------------------------------------------------------------------------------

================================================================================
Timing constraint: NET         
"DDR_SDRAM/DDR_SDRAM/mpmc_core_0/gen_s3_ddr_phy.mpmc_phy_if_0/data_path/
data_read/fifo_0_data_out<7>"         MAXDELAY = 2 ns;

 1 net analyzed, 0 failing nets detected.
 0 timing errors detected.
 Maximum net delay is   0.406ns.
--------------------------------------------------------------------------------

================================================================================
Timing constraint: NET         
"DDR_SDRAM/DDR_SDRAM/mpmc_core_0/gen_s3_ddr_phy.mpmc_phy_if_0/data_path/
data_read/fifo_1_data_out<0>"         MAXDELAY = 2 ns;

 1 net analyzed, 0 failing nets detected.
 0 timing errors detected.
 Maximum net delay is   0.682ns.
--------------------------------------------------------------------------------

================================================================================
Timing constraint: NET         
"DDR_SDRAM/DDR_SDRAM/mpmc_core_0/gen_s3_ddr_phy.mpmc_phy_if_0/data_path/
data_read/fifo_1_data_out<1>"         MAXDELAY = 2 ns;

 1 net analyzed, 0 failing nets detected.
 0 timing errors detected.
 Maximum net delay is   1.790ns.
--------------------------------------------------------------------------------

================================================================================
Timing constraint: NET         
"DDR_SDRAM/DDR_SDRAM/mpmc_core_0/gen_s3_ddr_phy.mpmc_phy_if_0/data_path/
data_read/fifo_1_data_out<2>"         MAXDELAY = 2 ns;

 1 net analyzed, 0 failing nets detected.
 0 timing errors detected.
 Maximum net delay is   0.744ns.
--------------------------------------------------------------------------------

================================================================================
Timing constraint: NET         
"DDR_SDRAM/DDR_SDRAM/mpmc_core_0/gen_s3_ddr_phy.mpmc_phy_if_0/data_path/
data_read/fifo_1_data_out<3>"         MAXDELAY = 2 ns;

 1 net analyzed, 0 failing nets detected.
 0 timing errors detected.
 Maximum net delay is   0.683ns.
--------------------------------------------------------------------------------

================================================================================
Timing constraint: NET         
"DDR_SDRAM/DDR_SDRAM/mpmc_core_0/gen_s3_ddr_phy.mpmc_phy_if_0/data_path/
data_read/fifo_1_data_out<4>"         MAXDELAY = 2 ns;

 1 net analyzed, 0 failing nets detected.
 0 timing errors detected.
 Maximum net delay is   0.744ns.
--------------------------------------------------------------------------------

================================================================================
Timing constraint: NET         
"DDR_SDRAM/DDR_SDRAM/mpmc_core_0/gen_s3_ddr_phy.mpmc_phy_if_0/data_path/
data_read/fifo_1_data_out<5>"         MAXDELAY = 2 ns;

 1 net analyzed, 0 failing nets detected.
 0 timing errors detected.
 Maximum net delay is   0.737ns.
--------------------------------------------------------------------------------

================================================================================
Timing constraint: NET         
"DDR_SDRAM/DDR_SDRAM/mpmc_core_0/gen_s3_ddr_phy.mpmc_phy_if_0/data_path/
data_read/fifo_1_data_out<6>"         MAXDELAY = 2 ns;

 1 net analyzed, 0 failing nets detected.
 0 timing errors detected.
 Maximum net delay is   0.933ns.
--------------------------------------------------------------------------------

================================================================================
Timing constraint: NET         
"DDR_SDRAM/DDR_SDRAM/mpmc_core_0/gen_s3_ddr_phy.mpmc_phy_if_0/data_path/
data_read/fifo_1_data_out<7>"         MAXDELAY = 2 ns;

 1 net analyzed, 0 failing nets detected.
 0 timing errors detected.
 Maximum net delay is   1.344ns.
--------------------------------------------------------------------------------

================================================================================
Timing constraint: NET         
"DDR_SDRAM/DDR_SDRAM/mpmc_core_0/gen_s3_ddr_phy.mpmc_phy_if_0/data_path/
data_read_controller/gen_dqs[1]..u_dqs_delay_col0/delay5"         MAXDELAY = 
0.2 ns;

 1 net analyzed, 0 failing nets detected.
 0 timing errors detected.
 Maximum net delay is   0.119ns.
--------------------------------------------------------------------------------

================================================================================
Timing constraint: NET         
"DDR_SDRAM/DDR_SDRAM/mpmc_core_0/gen_s3_ddr_phy.mpmc_phy_if_0/data_path/
data_read_controller/gen_dqs[1]..u_dqs_delay_col0/delay3"         MAXDELAY = 
0.2 ns;

 1 net analyzed, 0 failing nets detected.
 0 timing errors detected.
 Maximum net delay is   0.110ns.
--------------------------------------------------------------------------------

================================================================================
Timing constraint: NET         
"DDR_SDRAM/DDR_SDRAM/mpmc_core_0/gen_s3_ddr_phy.mpmc_phy_if_0/data_path/
data_read_controller/gen_dqs[1]..u_dqs_delay_col0/delay4"         MAXDELAY = 
0.2 ns;

 1 net analyzed, 0 failing nets detected.
 0 timing errors detected.
 Maximum net delay is   0.075ns.
--------------------------------------------------------------------------------

================================================================================
Timing constraint: NET         
"DDR_SDRAM/DDR_SDRAM/mpmc_core_0/gen_s3_ddr_phy.mpmc_phy_if_0/
dqs_int_delay_in<1>"         MAXDELAY = 0.46 ns;

 1 net analyzed, 0 failing nets detected.
 0 timing errors detected.
 Maximum net delay is   0.354ns.
--------------------------------------------------------------------------------

================================================================================
Timing constraint: NET         
"DDR_SDRAM/DDR_SDRAM/mpmc_core_0/gen_s3_ddr_phy.mpmc_phy_if_0/data_path/
data_read_controller/gen_dqs[1]..u_dqs_delay_col1/delay5"         MAXDELAY = 
0.2 ns;

 1 net analyzed, 0 failing nets detected.
 0 timing errors detected.
 Maximum net delay is   0.119ns.
--------------------------------------------------------------------------------

================================================================================
Timing constraint: NET         
"DDR_SDRAM/DDR_SDRAM/mpmc_core_0/gen_s3_ddr_phy.mpmc_phy_if_0/data_path/
data_read_controller/gen_dqs[1]..u_dqs_delay_col1/delay3"         MAXDELAY = 
0.2 ns;

 1 net analyzed, 0 failing nets detected.
 0 timing errors detected.
 Maximum net delay is   0.110ns.
--------------------------------------------------------------------------------

================================================================================
Timing constraint: NET         
"DDR_SDRAM/DDR_SDRAM/mpmc_core_0/gen_s3_ddr_phy.mpmc_phy_if_0/data_path/
data_read_controller/gen_dqs[1]..u_dqs_delay_col1/delay4"         MAXDELAY = 
0.2 ns;

 1 net analyzed, 0 failing nets detected.
 0 timing errors detected.
 Maximum net delay is   0.075ns.
--------------------------------------------------------------------------------

================================================================================
Timing constraint: NET         
"DDR_SDRAM/DDR_SDRAM/mpmc_core_0/gen_s3_ddr_phy.mpmc_phy_if_0/data_path/
data_read_controller/gen_dqs[0]..u_dqs_delay_col0/delay5"         MAXDELAY = 
0.2 ns;

 1 net analyzed, 0 failing nets detected.
 0 timing errors detected.
 Maximum net delay is   0.119ns.
--------------------------------------------------------------------------------

================================================================================
Timing constraint: NET         
"DDR_SDRAM/DDR_SDRAM/mpmc_core_0/gen_s3_ddr_phy.mpmc_phy_if_0/data_path/
data_read_controller/gen_dqs[0]..u_dqs_delay_col0/delay3"         MAXDELAY = 
0.2 ns;

 1 net analyzed, 0 failing nets detected.
 0 timing errors detected.
 Maximum net delay is   0.110ns.
--------------------------------------------------------------------------------

================================================================================
Timing constraint: NET         
"DDR_SDRAM/DDR_SDRAM/mpmc_core_0/gen_s3_ddr_phy.mpmc_phy_if_0/data_path/
data_read_controller/gen_dqs[0]..u_dqs_delay_col0/delay4"         MAXDELAY = 
0.2 ns;

 1 net analyzed, 0 failing nets detected.
 0 timing errors detected.
 Maximum net delay is   0.075ns.
--------------------------------------------------------------------------------

================================================================================
Timing constraint: NET         
"DDR_SDRAM/DDR_SDRAM/mpmc_core_0/gen_s3_ddr_phy.mpmc_phy_if_0/data_path/
data_read_controller/gen_dqs[0]..u_dqs_delay_col0/delay1"         MAXDELAY = 
0.2 ns;

 1 net analyzed, 0 failing nets detected.
 0 timing errors detected.
 Maximum net delay is   0.122ns.
--------------------------------------------------------------------------------

================================================================================
Timing constraint: NET         
"DDR_SDRAM/DDR_SDRAM/mpmc_core_0/gen_s3_ddr_phy.mpmc_phy_if_0/data_path/
data_read_controller/gen_dqs[0]..u_dqs_delay_col0/delay2"         MAXDELAY = 
0.2 ns;

 1 net analyzed, 0 failing nets detected.
 0 timing errors detected.
 Maximum net delay is   0.195ns.
--------------------------------------------------------------------------------

================================================================================
Timing constraint: NET         
"DDR_SDRAM/DDR_SDRAM/mpmc_core_0/gen_s3_ddr_phy.mpmc_phy_if_0/
dqs_int_delay_in<0>"         MAXDELAY = 0.46 ns;

 1 net analyzed, 0 failing nets detected.
 0 timing errors detected.
 Maximum net delay is   0.329ns.
--------------------------------------------------------------------------------

================================================================================
Timing constraint: NET         
"DDR_SDRAM/DDR_SDRAM/mpmc_core_0/gen_s3_ddr_phy.mpmc_phy_if_0/data_path/
data_read_controller/gen_dqs[0]..u_dqs_delay_col1/delay5"         MAXDELAY = 
0.2 ns;

 1 net analyzed, 0 failing nets detected.
 0 timing errors detected.
 Maximum net delay is   0.119ns.
--------------------------------------------------------------------------------

================================================================================
Timing constraint: NET         
"DDR_SDRAM/DDR_SDRAM/mpmc_core_0/gen_s3_ddr_phy.mpmc_phy_if_0/data_path/
data_read_controller/gen_dqs[0]..u_dqs_delay_col1/delay3"         MAXDELAY = 
0.2 ns;

 1 net analyzed, 0 failing nets detected.
 0 timing errors detected.
 Maximum net delay is   0.110ns.
--------------------------------------------------------------------------------

================================================================================
Timing constraint: NET         
"DDR_SDRAM/DDR_SDRAM/mpmc_core_0/gen_s3_ddr_phy.mpmc_phy_if_0/data_path/
data_read_controller/gen_dqs[0]..u_dqs_delay_col1/delay4"         MAXDELAY = 
0.2 ns;

 1 net analyzed, 0 failing nets detected.
 0 timing errors detected.
 Maximum net delay is   0.075ns.
--------------------------------------------------------------------------------

================================================================================
Timing constraint: NET         
"DDR_SDRAM/DDR_SDRAM/mpmc_core_0/gen_s3_ddr_phy.mpmc_phy_if_0/data_path/
data_read_controller/gen_dqs[0]..u_dqs_delay_col1/delay1"         MAXDELAY = 
0.2 ns;

 1 net analyzed, 0 failing nets detected.
 0 timing errors detected.
 Maximum net delay is   0.122ns.
--------------------------------------------------------------------------------

================================================================================
Timing constraint: NET         
"DDR_SDRAM/DDR_SDRAM/mpmc_core_0/gen_s3_ddr_phy.mpmc_phy_if_0/data_path/
data_read_controller/gen_dqs[0]..u_dqs_delay_col1/delay2"         MAXDELAY = 
0.2 ns;

 1 net analyzed, 0 failing nets detected.
 0 timing errors detected.
 Maximum net delay is   0.195ns.
--------------------------------------------------------------------------------

================================================================================
Timing constraint: NET         
"DDR_SDRAM/DDR_SDRAM/mpmc_core_0/gen_s3_ddr_phy.mpmc_phy_if_0/data_path/
data_read_controller/.rst_dqs_div_delayed/delay5"         MAXDELAY = 2 ns;

 1 net analyzed, 0 failing nets detected.
 0 timing errors detected.
 Maximum net delay is   0.072ns.
--------------------------------------------------------------------------------

================================================================================
Timing constraint: TSTXOUT_Ethernet_MAC = MAXDELAY FROM TIMEGRP 
"TXCLK_GRP_Ethernet_MAC" TO         TIMEGRP "PADS" 10 ns;

 5 paths analyzed, 5 endpoints analyzed, 0 failing endpoints
 0 timing errors detected. (0 setup errors, 0 hold errors)
 Maximum delay is   2.912ns.
--------------------------------------------------------------------------------

================================================================================
Timing constraint: TS_sys_clk_pin = PERIOD TIMEGRP "sys_clk_pin" 50 MHz HIGH 
50%;

 3 paths analyzed, 3 endpoints analyzed, 0 failing endpoints
 0 timing errors detected. (0 setup errors, 0 hold errors, 0 component switching limit errors)
 Minimum period is   6.000ns.
--------------------------------------------------------------------------------

================================================================================
Timing constraint: TS_clock_generator_0_clock_generator_0_SIG_DCM1_CLK0 = 
PERIOD TIMEGRP         "clock_generator_0_clock_generator_0_SIG_DCM1_CLK0" 
TS_sys_clk_pin         HIGH 50%;

 193951 paths analyzed, 14287 endpoints analyzed, 0 failing endpoints
 0 timing errors detected. (0 setup errors, 0 hold errors, 0 component switching limit errors)
 Minimum period is  17.417ns.
--------------------------------------------------------------------------------

================================================================================
Timing constraint: TS_clock_generator_0_clock_generator_0_SIG_DCM1_CLK2X = 
PERIOD TIMEGRP         "clock_generator_0_clock_generator_0_SIG_DCM1_CLK2X" 
TS_sys_clk_pin *         2 HIGH 50%;

 3 paths analyzed, 3 endpoints analyzed, 0 failing endpoints
 0 timing errors detected. (0 setup errors, 0 hold errors, 0 component switching limit errors)
 Minimum period is   4.800ns.
--------------------------------------------------------------------------------

================================================================================
Timing constraint: TS_clock_generator_0_clock_generator_0_SIG_DCM0_CLK0 = 
PERIOD TIMEGRP         "clock_generator_0_clock_generator_0_SIG_DCM0_CLK0"      
   TS_clock_generator_0_clock_generator_0_SIG_DCM1_CLK2X HIGH 50%;

 5435 paths analyzed, 2097 endpoints analyzed, 0 failing endpoints
 0 timing errors detected. (0 setup errors, 0 hold errors, 0 component switching limit errors)
 Minimum period is   9.826ns.
--------------------------------------------------------------------------------

================================================================================
Timing constraint: TS_clock_generator_0_clock_generator_0_SIG_DCM0_CLK90 = 
PERIOD TIMEGRP         "clock_generator_0_clock_generator_0_SIG_DCM0_CLK90"     
    TS_clock_generator_0_clock_generator_0_SIG_DCM1_CLK2X PHASE 2.5 ns         
HIGH 50%;

 533 paths analyzed, 437 endpoints analyzed, 0 failing endpoints
 0 timing errors detected. (0 setup errors, 0 hold errors, 0 component switching limit errors)
 Minimum period is   8.048ns.
--------------------------------------------------------------------------------

================================================================================
Timing constraint: OFFSET = IN 6 ns BEFORE COMP 
"fpga_0_Ethernet_MAC_PHY_rx_clk_pin";

 5 paths analyzed, 5 endpoints analyzed, 0 failing endpoints
 0 timing errors detected. (0 setup errors, 0 hold errors)
 Offset is  -0.480ns.
--------------------------------------------------------------------------------


Derived Constraint Report
Derived Constraints for TS_sys_clk_pin
+-------------------------------+-------------+-------------+-------------+-------------+-------------+-------------+-------------+
|                               |   Period    |       Actual Period       |      Timing Errors        |      Paths Analyzed       |
|           Constraint          | Requirement |-------------+-------------|-------------+-------------|-------------+-------------|
|                               |             |   Direct    | Derivative  |   Direct    | Derivative  |   Direct    | Derivative  |
+-------------------------------+-------------+-------------+-------------+-------------+-------------+-------------+-------------+
|TS_sys_clk_pin                 |     20.000ns|      6.000ns|     19.652ns|            0|            0|            3|       199922|
| TS_clock_generator_0_clock_gen|     20.000ns|     17.417ns|          N/A|            0|            0|       193951|            0|
| erator_0_SIG_DCM1_CLK0        |             |             |             |             |             |             |             |
| TS_clock_generator_0_clock_gen|     10.000ns|      4.800ns|      9.826ns|            0|            0|            3|         5968|
| erator_0_SIG_DCM1_CLK2X       |             |             |             |             |             |             |             |
|  TS_clock_generator_0_clock_ge|     10.000ns|      9.826ns|          N/A|            0|            0|         5435|            0|
|  nerator_0_SIG_DCM0_CLK0      |             |             |             |             |             |             |             |
|  TS_clock_generator_0_clock_ge|     10.000ns|      8.048ns|          N/A|            0|            0|          533|            0|
|  nerator_0_SIG_DCM0_CLK90     |             |             |             |             |             |             |             |
+-------------------------------+-------------+-------------+-------------+-------------+-------------+-------------+-------------+

All constraints were met.


Data Sheet report:
-----------------
All values displayed in nanoseconds (ns)

Setup/Hold to clock fpga_0_Ethernet_MAC_PHY_rx_clk_pin
--------------------------------------+------------+------------+---------------------------------------+--------+
                                      |Max Setup to|Max Hold to |                                       | Clock  |
Source                                | clk (edge) | clk (edge) |Internal Clock(s)                      | Phase  |
--------------------------------------+------------+------------+---------------------------------------+--------+
fpga_0_Ethernet_MAC_PHY_dv_pin        |   -0.480(R)|    2.431(R)|fpga_0_Ethernet_MAC_PHY_rx_clk_pin_IBUF|   0.000|
fpga_0_Ethernet_MAC_PHY_rx_data_pin<0>|   -0.923(R)|    2.984(R)|fpga_0_Ethernet_MAC_PHY_rx_clk_pin_IBUF|   0.000|
fpga_0_Ethernet_MAC_PHY_rx_data_pin<1>|   -1.116(R)|    3.225(R)|fpga_0_Ethernet_MAC_PHY_rx_clk_pin_IBUF|   0.000|
fpga_0_Ethernet_MAC_PHY_rx_data_pin<2>|   -1.116(R)|    3.225(R)|fpga_0_Ethernet_MAC_PHY_rx_clk_pin_IBUF|   0.000|
fpga_0_Ethernet_MAC_PHY_rx_data_pin<3>|   -1.530(R)|    3.743(R)|fpga_0_Ethernet_MAC_PHY_rx_clk_pin_IBUF|   0.000|
--------------------------------------+------------+------------+---------------------------------------+--------+

Clock fpga_0_Ethernet_MAC_PHY_tx_clk_pin to Pad
--------------------------------------+------------+---------------------------------------+--------+
                                      | clk (edge) |                                       | Clock  |
Destination                           |   to PAD   |Internal Clock(s)                      | Phase  |
--------------------------------------+------------+---------------------------------------+--------+
fpga_0_Ethernet_MAC_PHY_tx_data_pin<0>|    7.007(R)|fpga_0_Ethernet_MAC_PHY_tx_clk_pin_IBUF|   0.000|
fpga_0_Ethernet_MAC_PHY_tx_data_pin<1>|    7.413(R)|fpga_0_Ethernet_MAC_PHY_tx_clk_pin_IBUF|   0.000|
fpga_0_Ethernet_MAC_PHY_tx_data_pin<2>|    6.724(R)|fpga_0_Ethernet_MAC_PHY_tx_clk_pin_IBUF|   0.000|
fpga_0_Ethernet_MAC_PHY_tx_data_pin<3>|    6.724(R)|fpga_0_Ethernet_MAC_PHY_tx_clk_pin_IBUF|   0.000|
fpga_0_Ethernet_MAC_PHY_tx_en_pin     |    8.392(R)|fpga_0_Ethernet_MAC_PHY_tx_clk_pin_IBUF|   0.000|
--------------------------------------+------------+---------------------------------------+--------+

Clock to Setup on destination clock fpga_0_Ethernet_MAC_PHY_rx_clk_pin
----------------------------------+---------+---------+---------+---------+
                                  | Src:Rise| Src:Fall| Src:Rise| Src:Fall|
Source Clock                      |Dest:Rise|Dest:Rise|Dest:Fall|Dest:Fall|
----------------------------------+---------+---------+---------+---------+
fpga_0_Ethernet_MAC_PHY_rx_clk_pin|         |         |    6.878|    6.520|
----------------------------------+---------+---------+---------+---------+

Clock to Setup on destination clock fpga_0_Ethernet_MAC_PHY_tx_clk_pin
----------------------------------+---------+---------+---------+---------+
                                  | Src:Rise| Src:Fall| Src:Rise| Src:Fall|
Source Clock                      |Dest:Rise|Dest:Rise|Dest:Fall|Dest:Fall|
----------------------------------+---------+---------+---------+---------+
fpga_0_Ethernet_MAC_PHY_tx_clk_pin|         |    5.978|         |    5.703|
----------------------------------+---------+---------+---------+---------+

Clock to Setup on destination clock fpga_0_clk_1_sys_clk_pin
------------------------+---------+---------+---------+---------+
                        | Src:Rise| Src:Fall| Src:Rise| Src:Fall|
Source Clock            |Dest:Rise|Dest:Rise|Dest:Fall|Dest:Fall|
------------------------+---------+---------+---------+---------+
fpga_0_clk_1_sys_clk_pin|   17.417|    3.763|    4.973|    9.826|
------------------------+---------+---------+---------+---------+


Timing summary:
---------------

Timing errors: 0  Score: 0  (Setup/Max: 0, Hold: 0)

Constraints cover 200201 paths, 95 nets, and 26999 connections

Design statistics:
   Minimum period:  19.651ns   (Maximum frequency:  50.888MHz)
   Maximum path delay from/to any node:   2.912ns
   Maximum net skew:   2.960ns
   Maximum net delay:   4.004ns


Analysis completed Fri Oct 09 15:34:24 2015 
--------------------------------------------------------------------------------

Trace Settings:
-------------------------
Trace Settings 

Peak Memory Usage: 190 MB



